2025-01-17 00:05:38 - Starting LiteraluraApplication using Java 23.0.1 with PID 6612 (C:\Users\ASCANIO\OneDrive\Documentos\Alura\literalura\target\classes started by ASCANIO in C:\Users\ASCANIO\OneDrive\Documentos\Alura\literalura)
2025-01-17 00:05:38 - No active profile set, falling back to 1 default profile: "default"
2025-01-17 00:05:39 - Bootstrapping Spring Data JPA repositories in DEFAULT mode.
2025-01-17 00:05:39 - Finished Spring Data repository scanning in 60 ms. Found 2 JPA repository interfaces.
2025-01-17 00:05:40 - HHH000204: Processing PersistenceUnitInfo [name: default]
2025-01-17 00:05:40 - HHH000412: Hibernate ORM core version 6.6.4.Final
2025-01-17 00:05:40 - HHH000026: Second-level cache disabled
2025-01-17 00:05:40 - No LoadTimeWeaver setup: ignoring JPA class transformer
2025-01-17 00:05:40 - HHH90000025: PostgreSQLDialect does not need to be specified explicitly using 'hibernate.dialect' (remove the property setting and it will be selected by default)
2025-01-17 00:05:40 - HHH10001005: Database info:
	Database JDBC URL [Connecting through datasource 'HikariDataSource (HikariPool-1)']
	Database driver: undefined/unknown
	Database version: 17.2
	Autocommit mode: undefined/unknown
	Isolation level: undefined/unknown
	Minimum pool size: undefined/unknown
	Maximum pool size: undefined/unknown
2025-01-17 00:05:42 - HHH000489: No JTA platform available (set 'hibernate.transaction.jta.platform' to enable JTA platform integration)
2025-01-17 00:05:42 - Initialized JPA EntityManagerFactory for persistence unit 'default'
2025-01-17 00:05:42 - Hibernate is in classpath; If applicable, HQL parser will be used.
2025-01-17 00:05:43 - LiveReload server is running on port 35729
2025-01-17 00:05:43 - Started LiteraluraApplication in 5.63 seconds (process running for 6.166)
2025-01-17 00:06:10 - SQL Error: 0, SQLState: 22001
2025-01-17 00:06:10 - ERROR: el valor es demasiado largo para el tipo character varying(255)
2025-01-17 00:06:10 - 

Error starting ApplicationContext. To display the condition evaluation report re-run your application with 'debug' enabled.
2025-01-17 00:06:10 - Application run failed
org.springframework.dao.DataIntegrityViolationException: could not execute statement [ERROR: el valor es demasiado largo para el tipo character varying(255)] [insert into libro (autor_id,idiomas,numero_descargas,titulo) values (?,?,?,?)]; SQL [insert into libro (autor_id,idiomas,numero_descargas,titulo) values (?,?,?,?)]
	at org.springframework.orm.jpa.vendor.HibernateJpaDialect.convertHibernateAccessException(HibernateJpaDialect.java:293)
	at org.springframework.orm.jpa.vendor.HibernateJpaDialect.translateExceptionIfPossible(HibernateJpaDialect.java:241)
	at org.springframework.orm.jpa.AbstractEntityManagerFactoryBean.translateExceptionIfPossible(AbstractEntityManagerFactoryBean.java:560)
	at org.springframework.dao.support.ChainedPersistenceExceptionTranslator.translateExceptionIfPossible(ChainedPersistenceExceptionTranslator.java:61)
	at org.springframework.dao.support.DataAccessUtils.translateIfNecessary(DataAccessUtils.java:343)
	at org.springframework.dao.support.PersistenceExceptionTranslationInterceptor.invoke(PersistenceExceptionTranslationInterceptor.java:160)
	at org.springframework.aop.framework.ReflectiveMethodInvocation.proceed(ReflectiveMethodInvocation.java:184)
	at org.springframework.data.jpa.repository.support.CrudMethodMetadataPostProcessor$CrudMethodMetadataPopulatingMethodInterceptor.invoke(CrudMethodMetadataPostProcessor.java:165)
	at org.springframework.aop.framework.ReflectiveMethodInvocation.proceed(ReflectiveMethodInvocation.java:184)
	at org.springframework.aop.framework.JdkDynamicAopProxy.invoke(JdkDynamicAopProxy.java:223)
	at jdk.proxy4/jdk.proxy4.$Proxy109.save(Unknown Source)
	at com.alura.literalura.service.LibroService.crearLibro(LibroService.java:28)
	at com.alura.literalura.principal.Menu.registrarLibro(Menu.java:129)
	at com.alura.literalura.principal.Menu.lambda$buscarLibroPorTitulo$0(Menu.java:98)
	at java.base/java.util.ArrayList.forEach(ArrayList.java:1597)
	at com.alura.literalura.principal.Menu.buscarLibroPorTitulo(Menu.java:81)
	at com.alura.literalura.principal.Menu.mostrarMenu(Menu.java:62)
	at com.alura.literalura.LiteraluraApplication.run(LiteraluraApplication.java:35)
	at org.springframework.boot.SpringApplication.lambda$callRunner$5(SpringApplication.java:788)
	at org.springframework.util.function.ThrowingConsumer$1.acceptWithException(ThrowingConsumer.java:82)
	at org.springframework.util.function.ThrowingConsumer.accept(ThrowingConsumer.java:60)
	at org.springframework.util.function.ThrowingConsumer$1.accept(ThrowingConsumer.java:86)
	at org.springframework.boot.SpringApplication.callRunner(SpringApplication.java:796)
	at org.springframework.boot.SpringApplication.callRunner(SpringApplication.java:787)
	at org.springframework.boot.SpringApplication.lambda$callRunners$3(SpringApplication.java:772)
	at java.base/java.util.stream.ForEachOps$ForEachOp$OfRef.accept(ForEachOps.java:184)
	at java.base/java.util.stream.SortedOps$SizedRefSortingSink.end(SortedOps.java:357)
	at java.base/java.util.stream.AbstractPipeline.copyInto(AbstractPipeline.java:571)
	at java.base/java.util.stream.AbstractPipeline.wrapAndCopyInto(AbstractPipeline.java:560)
	at java.base/java.util.stream.ForEachOps$ForEachOp.evaluateSequential(ForEachOps.java:151)
	at java.base/java.util.stream.ForEachOps$ForEachOp$OfRef.evaluateSequential(ForEachOps.java:174)
	at java.base/java.util.stream.AbstractPipeline.evaluate(AbstractPipeline.java:265)
	at java.base/java.util.stream.ReferencePipeline.forEach(ReferencePipeline.java:636)
	at org.springframework.boot.SpringApplication.callRunners(SpringApplication.java:772)
	at org.springframework.boot.SpringApplication.run(SpringApplication.java:325)
	at org.springframework.boot.SpringApplication.run(SpringApplication.java:1361)
	at org.springframework.boot.SpringApplication.run(SpringApplication.java:1350)
	at com.alura.literalura.LiteraluraApplication.main(LiteraluraApplication.java:26)
	at java.base/jdk.internal.reflect.DirectMethodHandleAccessor.invoke(DirectMethodHandleAccessor.java:103)
	at java.base/java.lang.reflect.Method.invoke(Method.java:580)
	at org.springframework.boot.devtools.restart.RestartLauncher.run(RestartLauncher.java:50)
Caused by: org.hibernate.exception.DataException: could not execute statement [ERROR: el valor es demasiado largo para el tipo character varying(255)] [insert into libro (autor_id,idiomas,numero_descargas,titulo) values (?,?,?,?)]
	at org.hibernate.exception.internal.SQLStateConversionDelegate.convert(SQLStateConversionDelegate.java:103)
	at org.hibernate.exception.internal.StandardSQLExceptionConverter.convert(StandardSQLExceptionConverter.java:58)
	at org.hibernate.engine.jdbc.spi.SqlExceptionHelper.convert(SqlExceptionHelper.java:108)
	at org.hibernate.engine.jdbc.internal.ResultSetReturnImpl.executeUpdate(ResultSetReturnImpl.java:197)
	at org.hibernate.id.insert.GetGeneratedKeysDelegate.performMutation(GetGeneratedKeysDelegate.java:116)
	at org.hibernate.engine.jdbc.mutation.internal.MutationExecutorSingleNonBatched.performNonBatchedOperations(MutationExecutorSingleNonBatched.java:47)
	at org.hibernate.engine.jdbc.mutation.internal.AbstractMutationExecutor.execute(AbstractMutationExecutor.java:55)
	at org.hibernate.persister.entity.mutation.InsertCoordinatorStandard.doStaticInserts(InsertCoordinatorStandard.java:194)
	at org.hibernate.persister.entity.mutation.InsertCoordinatorStandard.coordinateInsert(InsertCoordinatorStandard.java:132)
	at org.hibernate.persister.entity.mutation.InsertCoordinatorStandard.insert(InsertCoordinatorStandard.java:95)
	at org.hibernate.action.internal.EntityIdentityInsertAction.execute(EntityIdentityInsertAction.java:85)
	at org.hibernate.engine.spi.ActionQueue.execute(ActionQueue.java:682)
	at org.hibernate.engine.spi.ActionQueue.addResolvedEntityInsertAction(ActionQueue.java:293)
	at org.hibernate.engine.spi.ActionQueue.addInsertAction(ActionQueue.java:274)
	at org.hibernate.engine.spi.ActionQueue.addAction(ActionQueue.java:324)
	at org.hibernate.event.internal.AbstractSaveEventListener.addInsertAction(AbstractSaveEventListener.java:393)
	at org.hibernate.event.internal.AbstractSaveEventListener.performSaveOrReplicate(AbstractSaveEventListener.java:307)
	at org.hibernate.event.internal.AbstractSaveEventListener.performSave(AbstractSaveEventListener.java:223)
	at org.hibernate.event.internal.AbstractSaveEventListener.saveWithGeneratedId(AbstractSaveEventListener.java:136)
	at org.hibernate.event.internal.DefaultPersistEventListener.entityIsTransient(DefaultPersistEventListener.java:177)
	at org.hibernate.event.internal.DefaultPersistEventListener.persist(DefaultPersistEventListener.java:95)
	at org.hibernate.event.internal.DefaultPersistEventListener.onPersist(DefaultPersistEventListener.java:79)
	at org.hibernate.event.internal.DefaultPersistEventListener.onPersist(DefaultPersistEventListener.java:55)
	at org.hibernate.event.service.internal.EventListenerGroupImpl.fireEventOnEachListener(EventListenerGroupImpl.java:127)
	at org.hibernate.internal.SessionImpl.firePersist(SessionImpl.java:761)
	at org.hibernate.internal.SessionImpl.persist(SessionImpl.java:745)
	at java.base/jdk.internal.reflect.DirectMethodHandleAccessor.invoke(DirectMethodHandleAccessor.java:103)
	at java.base/java.lang.reflect.Method.invoke(Method.java:580)
	at org.springframework.orm.jpa.SharedEntityManagerCreator$SharedEntityManagerInvocationHandler.invoke(SharedEntityManagerCreator.java:320)
	at jdk.proxy4/jdk.proxy4.$Proxy105.persist(Unknown Source)
	at org.springframework.data.jpa.repository.support.SimpleJpaRepository.save(SimpleJpaRepository.java:627)
	at java.base/jdk.internal.reflect.DirectMethodHandleAccessor.invoke(DirectMethodHandleAccessor.java:103)
	at java.base/java.lang.reflect.Method.invoke(Method.java:580)
	at org.springframework.aop.support.AopUtils.invokeJoinpointUsingReflection(AopUtils.java:359)
	at org.springframework.data.repository.core.support.RepositoryMethodInvoker$RepositoryFragmentMethodInvoker.lambda$new$0(RepositoryMethodInvoker.java:277)
	at org.springframework.data.repository.core.support.RepositoryMethodInvoker.doInvoke(RepositoryMethodInvoker.java:170)
	at org.springframework.data.repository.core.support.RepositoryMethodInvoker.invoke(RepositoryMethodInvoker.java:158)
	at org.springframework.data.repository.core.support.RepositoryComposition$RepositoryFragments.invoke(RepositoryComposition.java:515)
	at org.springframework.data.repository.core.support.RepositoryComposition.invoke(RepositoryComposition.java:284)
	at org.springframework.data.repository.core.support.RepositoryFactorySupport$ImplementationMethodExecutionInterceptor.invoke(RepositoryFactorySupport.java:752)
	at org.springframework.aop.framework.ReflectiveMethodInvocation.proceed(ReflectiveMethodInvocation.java:184)
	at org.springframework.data.repository.core.support.QueryExecutorMethodInterceptor.doInvoke(QueryExecutorMethodInterceptor.java:174)
	at org.springframework.data.repository.core.support.QueryExecutorMethodInterceptor.invoke(QueryExecutorMethodInterceptor.java:149)
	at org.springframework.aop.framework.ReflectiveMethodInvocation.proceed(ReflectiveMethodInvocation.java:184)
	at org.springframework.data.projection.DefaultMethodInvokingMethodInterceptor.invoke(DefaultMethodInvokingMethodInterceptor.java:69)
	at org.springframework.aop.framework.ReflectiveMethodInvocation.proceed(ReflectiveMethodInvocation.java:184)
	at org.springframework.transaction.interceptor.TransactionAspectSupport.invokeWithinTransaction(TransactionAspectSupport.java:380)
	at org.springframework.transaction.interceptor.TransactionInterceptor.invoke(TransactionInterceptor.java:119)
	at org.springframework.aop.framework.ReflectiveMethodInvocation.proceed(ReflectiveMethodInvocation.java:184)
	at org.springframework.dao.support.PersistenceExceptionTranslationInterceptor.invoke(PersistenceExceptionTranslationInterceptor.java:138)
	... 35 common frames omitted
Caused by: org.postgresql.util.PSQLException: ERROR: el valor es demasiado largo para el tipo character varying(255)
	at org.postgresql.core.v3.QueryExecutorImpl.receiveErrorResponse(QueryExecutorImpl.java:2733)
	at org.postgresql.core.v3.QueryExecutorImpl.processResults(QueryExecutorImpl.java:2420)
	at org.postgresql.core.v3.QueryExecutorImpl.execute(QueryExecutorImpl.java:372)
	at org.postgresql.jdbc.PgStatement.executeInternal(PgStatement.java:517)
	at org.postgresql.jdbc.PgStatement.execute(PgStatement.java:434)
	at org.postgresql.jdbc.PgPreparedStatement.executeWithFlags(PgPreparedStatement.java:194)
	at org.postgresql.jdbc.PgPreparedStatement.executeUpdate(PgPreparedStatement.java:155)
	at com.zaxxer.hikari.pool.ProxyPreparedStatement.executeUpdate(ProxyPreparedStatement.java:61)
	at com.zaxxer.hikari.pool.HikariProxyPreparedStatement.executeUpdate(HikariProxyPreparedStatement.java)
	at org.hibernate.engine.jdbc.internal.ResultSetReturnImpl.executeUpdate(ResultSetReturnImpl.java:194)
	... 81 common frames omitted
2025-01-17 00:06:10 - Closing JPA EntityManagerFactory for persistence unit 'default'
2025-01-17 00:07:54 - Starting LiteraluraApplication using Java 23.0.1 with PID 22308 (C:\Users\ASCANIO\OneDrive\Documentos\Alura\literalura\target\classes started by ASCANIO in C:\Users\ASCANIO\OneDrive\Documentos\Alura\literalura)
2025-01-17 00:07:54 - No active profile set, falling back to 1 default profile: "default"
2025-01-17 00:07:54 - Bootstrapping Spring Data JPA repositories in DEFAULT mode.
2025-01-17 00:07:54 - Finished Spring Data repository scanning in 54 ms. Found 2 JPA repository interfaces.
2025-01-17 00:07:55 - HHH000204: Processing PersistenceUnitInfo [name: default]
2025-01-17 00:07:55 - HHH000412: Hibernate ORM core version 6.6.4.Final
2025-01-17 00:07:55 - HHH000026: Second-level cache disabled
2025-01-17 00:07:55 - No LoadTimeWeaver setup: ignoring JPA class transformer
2025-01-17 00:07:56 - HHH90000025: PostgreSQLDialect does not need to be specified explicitly using 'hibernate.dialect' (remove the property setting and it will be selected by default)
2025-01-17 00:07:56 - HHH10001005: Database info:
	Database JDBC URL [Connecting through datasource 'HikariDataSource (HikariPool-1)']
	Database driver: undefined/unknown
	Database version: 17.2
	Autocommit mode: undefined/unknown
	Isolation level: undefined/unknown
	Minimum pool size: undefined/unknown
	Maximum pool size: undefined/unknown
2025-01-17 00:07:57 - HHH000489: No JTA platform available (set 'hibernate.transaction.jta.platform' to enable JTA platform integration)
2025-01-17 00:07:57 - Initialized JPA EntityManagerFactory for persistence unit 'default'
2025-01-17 00:07:58 - Hibernate is in classpath; If applicable, HQL parser will be used.
2025-01-17 00:07:59 - LiveReload server is running on port 35729
2025-01-17 00:07:59 - Started LiteraluraApplication in 6.079 seconds (process running for 6.63)
2025-01-17 00:08:11 - SQL Error: 0, SQLState: 22001
2025-01-17 00:08:11 - ERROR: el valor es demasiado largo para el tipo character varying(255)
2025-01-17 00:08:11 - 

Error starting ApplicationContext. To display the condition evaluation report re-run your application with 'debug' enabled.
2025-01-17 00:08:11 - Application run failed
org.springframework.dao.DataIntegrityViolationException: could not execute statement [ERROR: el valor es demasiado largo para el tipo character varying(255)] [insert into libro (autor_id,idiomas,numero_descargas,titulo) values (?,?,?,?)]; SQL [insert into libro (autor_id,idiomas,numero_descargas,titulo) values (?,?,?,?)]
	at org.springframework.orm.jpa.vendor.HibernateJpaDialect.convertHibernateAccessException(HibernateJpaDialect.java:293)
	at org.springframework.orm.jpa.vendor.HibernateJpaDialect.translateExceptionIfPossible(HibernateJpaDialect.java:241)
	at org.springframework.orm.jpa.AbstractEntityManagerFactoryBean.translateExceptionIfPossible(AbstractEntityManagerFactoryBean.java:560)
	at org.springframework.dao.support.ChainedPersistenceExceptionTranslator.translateExceptionIfPossible(ChainedPersistenceExceptionTranslator.java:61)
	at org.springframework.dao.support.DataAccessUtils.translateIfNecessary(DataAccessUtils.java:343)
	at org.springframework.dao.support.PersistenceExceptionTranslationInterceptor.invoke(PersistenceExceptionTranslationInterceptor.java:160)
	at org.springframework.aop.framework.ReflectiveMethodInvocation.proceed(ReflectiveMethodInvocation.java:184)
	at org.springframework.data.jpa.repository.support.CrudMethodMetadataPostProcessor$CrudMethodMetadataPopulatingMethodInterceptor.invoke(CrudMethodMetadataPostProcessor.java:165)
	at org.springframework.aop.framework.ReflectiveMethodInvocation.proceed(ReflectiveMethodInvocation.java:184)
	at org.springframework.aop.framework.JdkDynamicAopProxy.invoke(JdkDynamicAopProxy.java:223)
	at jdk.proxy4/jdk.proxy4.$Proxy109.save(Unknown Source)
	at com.alura.literalura.service.LibroService.crearLibro(LibroService.java:28)
	at com.alura.literalura.principal.Menu.registrarLibro(Menu.java:131)
	at com.alura.literalura.principal.Menu.lambda$buscarLibroPorTitulo$0(Menu.java:102)
	at java.base/java.util.ArrayList.forEach(ArrayList.java:1597)
	at com.alura.literalura.principal.Menu.buscarLibroPorTitulo(Menu.java:84)
	at com.alura.literalura.principal.Menu.mostrarMenu(Menu.java:64)
	at com.alura.literalura.LiteraluraApplication.run(LiteraluraApplication.java:35)
	at org.springframework.boot.SpringApplication.lambda$callRunner$5(SpringApplication.java:788)
	at org.springframework.util.function.ThrowingConsumer$1.acceptWithException(ThrowingConsumer.java:82)
	at org.springframework.util.function.ThrowingConsumer.accept(ThrowingConsumer.java:60)
	at org.springframework.util.function.ThrowingConsumer$1.accept(ThrowingConsumer.java:86)
	at org.springframework.boot.SpringApplication.callRunner(SpringApplication.java:796)
	at org.springframework.boot.SpringApplication.callRunner(SpringApplication.java:787)
	at org.springframework.boot.SpringApplication.lambda$callRunners$3(SpringApplication.java:772)
	at java.base/java.util.stream.ForEachOps$ForEachOp$OfRef.accept(ForEachOps.java:184)
	at java.base/java.util.stream.SortedOps$SizedRefSortingSink.end(SortedOps.java:357)
	at java.base/java.util.stream.AbstractPipeline.copyInto(AbstractPipeline.java:571)
	at java.base/java.util.stream.AbstractPipeline.wrapAndCopyInto(AbstractPipeline.java:560)
	at java.base/java.util.stream.ForEachOps$ForEachOp.evaluateSequential(ForEachOps.java:151)
	at java.base/java.util.stream.ForEachOps$ForEachOp$OfRef.evaluateSequential(ForEachOps.java:174)
	at java.base/java.util.stream.AbstractPipeline.evaluate(AbstractPipeline.java:265)
	at java.base/java.util.stream.ReferencePipeline.forEach(ReferencePipeline.java:636)
	at org.springframework.boot.SpringApplication.callRunners(SpringApplication.java:772)
	at org.springframework.boot.SpringApplication.run(SpringApplication.java:325)
	at org.springframework.boot.SpringApplication.run(SpringApplication.java:1361)
	at org.springframework.boot.SpringApplication.run(SpringApplication.java:1350)
	at com.alura.literalura.LiteraluraApplication.main(LiteraluraApplication.java:26)
	at java.base/jdk.internal.reflect.DirectMethodHandleAccessor.invoke(DirectMethodHandleAccessor.java:103)
	at java.base/java.lang.reflect.Method.invoke(Method.java:580)
	at org.springframework.boot.devtools.restart.RestartLauncher.run(RestartLauncher.java:50)
Caused by: org.hibernate.exception.DataException: could not execute statement [ERROR: el valor es demasiado largo para el tipo character varying(255)] [insert into libro (autor_id,idiomas,numero_descargas,titulo) values (?,?,?,?)]
	at org.hibernate.exception.internal.SQLStateConversionDelegate.convert(SQLStateConversionDelegate.java:103)
	at org.hibernate.exception.internal.StandardSQLExceptionConverter.convert(StandardSQLExceptionConverter.java:58)
	at org.hibernate.engine.jdbc.spi.SqlExceptionHelper.convert(SqlExceptionHelper.java:108)
	at org.hibernate.engine.jdbc.internal.ResultSetReturnImpl.executeUpdate(ResultSetReturnImpl.java:197)
	at org.hibernate.id.insert.GetGeneratedKeysDelegate.performMutation(GetGeneratedKeysDelegate.java:116)
	at org.hibernate.engine.jdbc.mutation.internal.MutationExecutorSingleNonBatched.performNonBatchedOperations(MutationExecutorSingleNonBatched.java:47)
	at org.hibernate.engine.jdbc.mutation.internal.AbstractMutationExecutor.execute(AbstractMutationExecutor.java:55)
	at org.hibernate.persister.entity.mutation.InsertCoordinatorStandard.doStaticInserts(InsertCoordinatorStandard.java:194)
	at org.hibernate.persister.entity.mutation.InsertCoordinatorStandard.coordinateInsert(InsertCoordinatorStandard.java:132)
	at org.hibernate.persister.entity.mutation.InsertCoordinatorStandard.insert(InsertCoordinatorStandard.java:95)
	at org.hibernate.action.internal.EntityIdentityInsertAction.execute(EntityIdentityInsertAction.java:85)
	at org.hibernate.engine.spi.ActionQueue.execute(ActionQueue.java:682)
	at org.hibernate.engine.spi.ActionQueue.addResolvedEntityInsertAction(ActionQueue.java:293)
	at org.hibernate.engine.spi.ActionQueue.addInsertAction(ActionQueue.java:274)
	at org.hibernate.engine.spi.ActionQueue.addAction(ActionQueue.java:324)
	at org.hibernate.event.internal.AbstractSaveEventListener.addInsertAction(AbstractSaveEventListener.java:393)
	at org.hibernate.event.internal.AbstractSaveEventListener.performSaveOrReplicate(AbstractSaveEventListener.java:307)
	at org.hibernate.event.internal.AbstractSaveEventListener.performSave(AbstractSaveEventListener.java:223)
	at org.hibernate.event.internal.AbstractSaveEventListener.saveWithGeneratedId(AbstractSaveEventListener.java:136)
	at org.hibernate.event.internal.DefaultPersistEventListener.entityIsTransient(DefaultPersistEventListener.java:177)
	at org.hibernate.event.internal.DefaultPersistEventListener.persist(DefaultPersistEventListener.java:95)
	at org.hibernate.event.internal.DefaultPersistEventListener.onPersist(DefaultPersistEventListener.java:79)
	at org.hibernate.event.internal.DefaultPersistEventListener.onPersist(DefaultPersistEventListener.java:55)
	at org.hibernate.event.service.internal.EventListenerGroupImpl.fireEventOnEachListener(EventListenerGroupImpl.java:127)
	at org.hibernate.internal.SessionImpl.firePersist(SessionImpl.java:761)
	at org.hibernate.internal.SessionImpl.persist(SessionImpl.java:745)
	at java.base/jdk.internal.reflect.DirectMethodHandleAccessor.invoke(DirectMethodHandleAccessor.java:103)
	at java.base/java.lang.reflect.Method.invoke(Method.java:580)
	at org.springframework.orm.jpa.SharedEntityManagerCreator$SharedEntityManagerInvocationHandler.invoke(SharedEntityManagerCreator.java:320)
	at jdk.proxy4/jdk.proxy4.$Proxy105.persist(Unknown Source)
	at org.springframework.data.jpa.repository.support.SimpleJpaRepository.save(SimpleJpaRepository.java:627)
	at java.base/jdk.internal.reflect.DirectMethodHandleAccessor.invoke(DirectMethodHandleAccessor.java:103)
	at java.base/java.lang.reflect.Method.invoke(Method.java:580)
	at org.springframework.aop.support.AopUtils.invokeJoinpointUsingReflection(AopUtils.java:359)
	at org.springframework.data.repository.core.support.RepositoryMethodInvoker$RepositoryFragmentMethodInvoker.lambda$new$0(RepositoryMethodInvoker.java:277)
	at org.springframework.data.repository.core.support.RepositoryMethodInvoker.doInvoke(RepositoryMethodInvoker.java:170)
	at org.springframework.data.repository.core.support.RepositoryMethodInvoker.invoke(RepositoryMethodInvoker.java:158)
	at org.springframework.data.repository.core.support.RepositoryComposition$RepositoryFragments.invoke(RepositoryComposition.java:515)
	at org.springframework.data.repository.core.support.RepositoryComposition.invoke(RepositoryComposition.java:284)
	at org.springframework.data.repository.core.support.RepositoryFactorySupport$ImplementationMethodExecutionInterceptor.invoke(RepositoryFactorySupport.java:752)
	at org.springframework.aop.framework.ReflectiveMethodInvocation.proceed(ReflectiveMethodInvocation.java:184)
	at org.springframework.data.repository.core.support.QueryExecutorMethodInterceptor.doInvoke(QueryExecutorMethodInterceptor.java:174)
	at org.springframework.data.repository.core.support.QueryExecutorMethodInterceptor.invoke(QueryExecutorMethodInterceptor.java:149)
	at org.springframework.aop.framework.ReflectiveMethodInvocation.proceed(ReflectiveMethodInvocation.java:184)
	at org.springframework.data.projection.DefaultMethodInvokingMethodInterceptor.invoke(DefaultMethodInvokingMethodInterceptor.java:69)
	at org.springframework.aop.framework.ReflectiveMethodInvocation.proceed(ReflectiveMethodInvocation.java:184)
	at org.springframework.transaction.interceptor.TransactionAspectSupport.invokeWithinTransaction(TransactionAspectSupport.java:380)
	at org.springframework.transaction.interceptor.TransactionInterceptor.invoke(TransactionInterceptor.java:119)
	at org.springframework.aop.framework.ReflectiveMethodInvocation.proceed(ReflectiveMethodInvocation.java:184)
	at org.springframework.dao.support.PersistenceExceptionTranslationInterceptor.invoke(PersistenceExceptionTranslationInterceptor.java:138)
	... 35 common frames omitted
Caused by: org.postgresql.util.PSQLException: ERROR: el valor es demasiado largo para el tipo character varying(255)
	at org.postgresql.core.v3.QueryExecutorImpl.receiveErrorResponse(QueryExecutorImpl.java:2733)
	at org.postgresql.core.v3.QueryExecutorImpl.processResults(QueryExecutorImpl.java:2420)
	at org.postgresql.core.v3.QueryExecutorImpl.execute(QueryExecutorImpl.java:372)
	at org.postgresql.jdbc.PgStatement.executeInternal(PgStatement.java:517)
	at org.postgresql.jdbc.PgStatement.execute(PgStatement.java:434)
	at org.postgresql.jdbc.PgPreparedStatement.executeWithFlags(PgPreparedStatement.java:194)
	at org.postgresql.jdbc.PgPreparedStatement.executeUpdate(PgPreparedStatement.java:155)
	at com.zaxxer.hikari.pool.ProxyPreparedStatement.executeUpdate(ProxyPreparedStatement.java:61)
	at com.zaxxer.hikari.pool.HikariProxyPreparedStatement.executeUpdate(HikariProxyPreparedStatement.java)
	at org.hibernate.engine.jdbc.internal.ResultSetReturnImpl.executeUpdate(ResultSetReturnImpl.java:194)
	... 81 common frames omitted
2025-01-17 00:08:11 - Closing JPA EntityManagerFactory for persistence unit 'default'
2025-01-17 00:09:24 - Starting LiteraluraApplication using Java 23.0.1 with PID 23636 (C:\Users\ASCANIO\OneDrive\Documentos\Alura\literalura\target\classes started by ASCANIO in C:\Users\ASCANIO\OneDrive\Documentos\Alura\literalura)
2025-01-17 00:09:24 - No active profile set, falling back to 1 default profile: "default"
2025-01-17 00:09:25 - Bootstrapping Spring Data JPA repositories in DEFAULT mode.
2025-01-17 00:09:25 - Finished Spring Data repository scanning in 57 ms. Found 2 JPA repository interfaces.
2025-01-17 00:09:25 - HHH000204: Processing PersistenceUnitInfo [name: default]
2025-01-17 00:09:25 - HHH000412: Hibernate ORM core version 6.6.4.Final
2025-01-17 00:09:26 - HHH000026: Second-level cache disabled
2025-01-17 00:09:26 - No LoadTimeWeaver setup: ignoring JPA class transformer
2025-01-17 00:09:26 - HHH90000025: PostgreSQLDialect does not need to be specified explicitly using 'hibernate.dialect' (remove the property setting and it will be selected by default)
2025-01-17 00:09:26 - HHH10001005: Database info:
	Database JDBC URL [Connecting through datasource 'HikariDataSource (HikariPool-1)']
	Database driver: undefined/unknown
	Database version: 17.2
	Autocommit mode: undefined/unknown
	Isolation level: undefined/unknown
	Minimum pool size: undefined/unknown
	Maximum pool size: undefined/unknown
2025-01-17 00:09:27 - HHH000489: No JTA platform available (set 'hibernate.transaction.jta.platform' to enable JTA platform integration)
2025-01-17 00:09:27 - Initialized JPA EntityManagerFactory for persistence unit 'default'
2025-01-17 00:09:28 - Hibernate is in classpath; If applicable, HQL parser will be used.
2025-01-17 00:09:30 - LiveReload server is running on port 35729
2025-01-17 00:09:30 - Started LiteraluraApplication in 6.126 seconds (process running for 6.658)
2025-01-17 00:10:23 - SQL Error: 0, SQLState: 22001
2025-01-17 00:10:23 - ERROR: el valor es demasiado largo para el tipo character varying(255)
2025-01-17 00:10:23 - 

Error starting ApplicationContext. To display the condition evaluation report re-run your application with 'debug' enabled.
2025-01-17 00:10:23 - Application run failed
org.springframework.dao.DataIntegrityViolationException: could not execute statement [ERROR: el valor es demasiado largo para el tipo character varying(255)] [insert into libro (autor_id,idiomas,numero_descargas,titulo) values (?,?,?,?)]; SQL [insert into libro (autor_id,idiomas,numero_descargas,titulo) values (?,?,?,?)]
	at org.springframework.orm.jpa.vendor.HibernateJpaDialect.convertHibernateAccessException(HibernateJpaDialect.java:293)
	at org.springframework.orm.jpa.vendor.HibernateJpaDialect.translateExceptionIfPossible(HibernateJpaDialect.java:241)
	at org.springframework.orm.jpa.AbstractEntityManagerFactoryBean.translateExceptionIfPossible(AbstractEntityManagerFactoryBean.java:560)
	at org.springframework.dao.support.ChainedPersistenceExceptionTranslator.translateExceptionIfPossible(ChainedPersistenceExceptionTranslator.java:61)
	at org.springframework.dao.support.DataAccessUtils.translateIfNecessary(DataAccessUtils.java:343)
	at org.springframework.dao.support.PersistenceExceptionTranslationInterceptor.invoke(PersistenceExceptionTranslationInterceptor.java:160)
	at org.springframework.aop.framework.ReflectiveMethodInvocation.proceed(ReflectiveMethodInvocation.java:184)
	at org.springframework.data.jpa.repository.support.CrudMethodMetadataPostProcessor$CrudMethodMetadataPopulatingMethodInterceptor.invoke(CrudMethodMetadataPostProcessor.java:165)
	at org.springframework.aop.framework.ReflectiveMethodInvocation.proceed(ReflectiveMethodInvocation.java:184)
	at org.springframework.aop.framework.JdkDynamicAopProxy.invoke(JdkDynamicAopProxy.java:223)
	at jdk.proxy4/jdk.proxy4.$Proxy109.save(Unknown Source)
	at com.alura.literalura.service.LibroService.crearLibro(LibroService.java:28)
	at com.alura.literalura.principal.Menu.registrarLibro(Menu.java:129)
	at com.alura.literalura.principal.Menu.lambda$buscarLibroPorTitulo$0(Menu.java:98)
	at java.base/java.util.ArrayList.forEach(ArrayList.java:1597)
	at com.alura.literalura.principal.Menu.buscarLibroPorTitulo(Menu.java:81)
	at com.alura.literalura.principal.Menu.mostrarMenu(Menu.java:62)
	at com.alura.literalura.LiteraluraApplication.run(LiteraluraApplication.java:35)
	at org.springframework.boot.SpringApplication.lambda$callRunner$5(SpringApplication.java:788)
	at org.springframework.util.function.ThrowingConsumer$1.acceptWithException(ThrowingConsumer.java:82)
	at org.springframework.util.function.ThrowingConsumer.accept(ThrowingConsumer.java:60)
	at org.springframework.util.function.ThrowingConsumer$1.accept(ThrowingConsumer.java:86)
	at org.springframework.boot.SpringApplication.callRunner(SpringApplication.java:796)
	at org.springframework.boot.SpringApplication.callRunner(SpringApplication.java:787)
	at org.springframework.boot.SpringApplication.lambda$callRunners$3(SpringApplication.java:772)
	at java.base/java.util.stream.ForEachOps$ForEachOp$OfRef.accept(ForEachOps.java:184)
	at java.base/java.util.stream.SortedOps$SizedRefSortingSink.end(SortedOps.java:357)
	at java.base/java.util.stream.AbstractPipeline.copyInto(AbstractPipeline.java:571)
	at java.base/java.util.stream.AbstractPipeline.wrapAndCopyInto(AbstractPipeline.java:560)
	at java.base/java.util.stream.ForEachOps$ForEachOp.evaluateSequential(ForEachOps.java:151)
	at java.base/java.util.stream.ForEachOps$ForEachOp$OfRef.evaluateSequential(ForEachOps.java:174)
	at java.base/java.util.stream.AbstractPipeline.evaluate(AbstractPipeline.java:265)
	at java.base/java.util.stream.ReferencePipeline.forEach(ReferencePipeline.java:636)
	at org.springframework.boot.SpringApplication.callRunners(SpringApplication.java:772)
	at org.springframework.boot.SpringApplication.run(SpringApplication.java:325)
	at org.springframework.boot.SpringApplication.run(SpringApplication.java:1361)
	at org.springframework.boot.SpringApplication.run(SpringApplication.java:1350)
	at com.alura.literalura.LiteraluraApplication.main(LiteraluraApplication.java:26)
	at java.base/jdk.internal.reflect.DirectMethodHandleAccessor.invoke(DirectMethodHandleAccessor.java:103)
	at java.base/java.lang.reflect.Method.invoke(Method.java:580)
	at org.springframework.boot.devtools.restart.RestartLauncher.run(RestartLauncher.java:50)
Caused by: org.hibernate.exception.DataException: could not execute statement [ERROR: el valor es demasiado largo para el tipo character varying(255)] [insert into libro (autor_id,idiomas,numero_descargas,titulo) values (?,?,?,?)]
	at org.hibernate.exception.internal.SQLStateConversionDelegate.convert(SQLStateConversionDelegate.java:103)
	at org.hibernate.exception.internal.StandardSQLExceptionConverter.convert(StandardSQLExceptionConverter.java:58)
	at org.hibernate.engine.jdbc.spi.SqlExceptionHelper.convert(SqlExceptionHelper.java:108)
	at org.hibernate.engine.jdbc.internal.ResultSetReturnImpl.executeUpdate(ResultSetReturnImpl.java:197)
	at org.hibernate.id.insert.GetGeneratedKeysDelegate.performMutation(GetGeneratedKeysDelegate.java:116)
	at org.hibernate.engine.jdbc.mutation.internal.MutationExecutorSingleNonBatched.performNonBatchedOperations(MutationExecutorSingleNonBatched.java:47)
	at org.hibernate.engine.jdbc.mutation.internal.AbstractMutationExecutor.execute(AbstractMutationExecutor.java:55)
	at org.hibernate.persister.entity.mutation.InsertCoordinatorStandard.doStaticInserts(InsertCoordinatorStandard.java:194)
	at org.hibernate.persister.entity.mutation.InsertCoordinatorStandard.coordinateInsert(InsertCoordinatorStandard.java:132)
	at org.hibernate.persister.entity.mutation.InsertCoordinatorStandard.insert(InsertCoordinatorStandard.java:95)
	at org.hibernate.action.internal.EntityIdentityInsertAction.execute(EntityIdentityInsertAction.java:85)
	at org.hibernate.engine.spi.ActionQueue.execute(ActionQueue.java:682)
	at org.hibernate.engine.spi.ActionQueue.addResolvedEntityInsertAction(ActionQueue.java:293)
	at org.hibernate.engine.spi.ActionQueue.addInsertAction(ActionQueue.java:274)
	at org.hibernate.engine.spi.ActionQueue.addAction(ActionQueue.java:324)
	at org.hibernate.event.internal.AbstractSaveEventListener.addInsertAction(AbstractSaveEventListener.java:393)
	at org.hibernate.event.internal.AbstractSaveEventListener.performSaveOrReplicate(AbstractSaveEventListener.java:307)
	at org.hibernate.event.internal.AbstractSaveEventListener.performSave(AbstractSaveEventListener.java:223)
	at org.hibernate.event.internal.AbstractSaveEventListener.saveWithGeneratedId(AbstractSaveEventListener.java:136)
	at org.hibernate.event.internal.DefaultPersistEventListener.entityIsTransient(DefaultPersistEventListener.java:177)
	at org.hibernate.event.internal.DefaultPersistEventListener.persist(DefaultPersistEventListener.java:95)
	at org.hibernate.event.internal.DefaultPersistEventListener.onPersist(DefaultPersistEventListener.java:79)
	at org.hibernate.event.internal.DefaultPersistEventListener.onPersist(DefaultPersistEventListener.java:55)
	at org.hibernate.event.service.internal.EventListenerGroupImpl.fireEventOnEachListener(EventListenerGroupImpl.java:127)
	at org.hibernate.internal.SessionImpl.firePersist(SessionImpl.java:761)
	at org.hibernate.internal.SessionImpl.persist(SessionImpl.java:745)
	at java.base/jdk.internal.reflect.DirectMethodHandleAccessor.invoke(DirectMethodHandleAccessor.java:103)
	at java.base/java.lang.reflect.Method.invoke(Method.java:580)
	at org.springframework.orm.jpa.SharedEntityManagerCreator$SharedEntityManagerInvocationHandler.invoke(SharedEntityManagerCreator.java:320)
	at jdk.proxy4/jdk.proxy4.$Proxy105.persist(Unknown Source)
	at org.springframework.data.jpa.repository.support.SimpleJpaRepository.save(SimpleJpaRepository.java:627)
	at java.base/jdk.internal.reflect.DirectMethodHandleAccessor.invoke(DirectMethodHandleAccessor.java:103)
	at java.base/java.lang.reflect.Method.invoke(Method.java:580)
	at org.springframework.aop.support.AopUtils.invokeJoinpointUsingReflection(AopUtils.java:359)
	at org.springframework.data.repository.core.support.RepositoryMethodInvoker$RepositoryFragmentMethodInvoker.lambda$new$0(RepositoryMethodInvoker.java:277)
	at org.springframework.data.repository.core.support.RepositoryMethodInvoker.doInvoke(RepositoryMethodInvoker.java:170)
	at org.springframework.data.repository.core.support.RepositoryMethodInvoker.invoke(RepositoryMethodInvoker.java:158)
	at org.springframework.data.repository.core.support.RepositoryComposition$RepositoryFragments.invoke(RepositoryComposition.java:515)
	at org.springframework.data.repository.core.support.RepositoryComposition.invoke(RepositoryComposition.java:284)
	at org.springframework.data.repository.core.support.RepositoryFactorySupport$ImplementationMethodExecutionInterceptor.invoke(RepositoryFactorySupport.java:752)
	at org.springframework.aop.framework.ReflectiveMethodInvocation.proceed(ReflectiveMethodInvocation.java:184)
	at org.springframework.data.repository.core.support.QueryExecutorMethodInterceptor.doInvoke(QueryExecutorMethodInterceptor.java:174)
	at org.springframework.data.repository.core.support.QueryExecutorMethodInterceptor.invoke(QueryExecutorMethodInterceptor.java:149)
	at org.springframework.aop.framework.ReflectiveMethodInvocation.proceed(ReflectiveMethodInvocation.java:184)
	at org.springframework.data.projection.DefaultMethodInvokingMethodInterceptor.invoke(DefaultMethodInvokingMethodInterceptor.java:69)
	at org.springframework.aop.framework.ReflectiveMethodInvocation.proceed(ReflectiveMethodInvocation.java:184)
	at org.springframework.transaction.interceptor.TransactionAspectSupport.invokeWithinTransaction(TransactionAspectSupport.java:380)
	at org.springframework.transaction.interceptor.TransactionInterceptor.invoke(TransactionInterceptor.java:119)
	at org.springframework.aop.framework.ReflectiveMethodInvocation.proceed(ReflectiveMethodInvocation.java:184)
	at org.springframework.dao.support.PersistenceExceptionTranslationInterceptor.invoke(PersistenceExceptionTranslationInterceptor.java:138)
	... 35 common frames omitted
Caused by: org.postgresql.util.PSQLException: ERROR: el valor es demasiado largo para el tipo character varying(255)
	at org.postgresql.core.v3.QueryExecutorImpl.receiveErrorResponse(QueryExecutorImpl.java:2733)
	at org.postgresql.core.v3.QueryExecutorImpl.processResults(QueryExecutorImpl.java:2420)
	at org.postgresql.core.v3.QueryExecutorImpl.execute(QueryExecutorImpl.java:372)
	at org.postgresql.jdbc.PgStatement.executeInternal(PgStatement.java:517)
	at org.postgresql.jdbc.PgStatement.execute(PgStatement.java:434)
	at org.postgresql.jdbc.PgPreparedStatement.executeWithFlags(PgPreparedStatement.java:194)
	at org.postgresql.jdbc.PgPreparedStatement.executeUpdate(PgPreparedStatement.java:155)
	at com.zaxxer.hikari.pool.ProxyPreparedStatement.executeUpdate(ProxyPreparedStatement.java:61)
	at com.zaxxer.hikari.pool.HikariProxyPreparedStatement.executeUpdate(HikariProxyPreparedStatement.java)
	at org.hibernate.engine.jdbc.internal.ResultSetReturnImpl.executeUpdate(ResultSetReturnImpl.java:194)
	... 81 common frames omitted
2025-01-17 00:10:23 - Closing JPA EntityManagerFactory for persistence unit 'default'
2025-01-17 00:16:06 - Starting LiteraluraApplication using Java 23.0.1 with PID 25052 (C:\Users\ASCANIO\OneDrive\Documentos\Alura\literalura\target\classes started by ASCANIO in C:\Users\ASCANIO\OneDrive\Documentos\Alura\literalura)
2025-01-17 00:16:06 - No active profile set, falling back to 1 default profile: "default"
2025-01-17 00:16:06 - Bootstrapping Spring Data JPA repositories in DEFAULT mode.
2025-01-17 00:16:06 - Finished Spring Data repository scanning in 57 ms. Found 2 JPA repository interfaces.
2025-01-17 00:16:07 - HHH000204: Processing PersistenceUnitInfo [name: default]
2025-01-17 00:16:07 - HHH000412: Hibernate ORM core version 6.6.4.Final
2025-01-17 00:16:07 - HHH000026: Second-level cache disabled
2025-01-17 00:16:07 - No LoadTimeWeaver setup: ignoring JPA class transformer
2025-01-17 00:16:07 - HHH90000025: PostgreSQLDialect does not need to be specified explicitly using 'hibernate.dialect' (remove the property setting and it will be selected by default)
2025-01-17 00:16:07 - HHH10001005: Database info:
	Database JDBC URL [Connecting through datasource 'HikariDataSource (HikariPool-1)']
	Database driver: undefined/unknown
	Database version: 17.2
	Autocommit mode: undefined/unknown
	Isolation level: undefined/unknown
	Minimum pool size: undefined/unknown
	Maximum pool size: undefined/unknown
2025-01-17 00:16:09 - HHH000489: No JTA platform available (set 'hibernate.transaction.jta.platform' to enable JTA platform integration)
2025-01-17 00:16:09 - Initialized JPA EntityManagerFactory for persistence unit 'default'
2025-01-17 00:16:10 - Hibernate is in classpath; If applicable, HQL parser will be used.
2025-01-17 00:16:11 - LiveReload server is running on port 35729
2025-01-17 00:16:11 - Started LiteraluraApplication in 6.215 seconds (process running for 6.85)
2025-01-17 00:17:10 - Closing JPA EntityManagerFactory for persistence unit 'default'
2025-01-17 00:31:16 - Starting LiteraluraApplication using Java 23.0.1 with PID 20900 (C:\Users\ASCANIO\OneDrive\Documentos\Alura\literalura\target\classes started by ASCANIO in C:\Users\ASCANIO\OneDrive\Documentos\Alura\literalura)
2025-01-17 00:31:16 - No active profile set, falling back to 1 default profile: "default"
2025-01-17 00:31:17 - Bootstrapping Spring Data JPA repositories in DEFAULT mode.
2025-01-17 00:31:17 - Finished Spring Data repository scanning in 64 ms. Found 2 JPA repository interfaces.
2025-01-17 00:31:17 - HHH000204: Processing PersistenceUnitInfo [name: default]
2025-01-17 00:31:17 - HHH000412: Hibernate ORM core version 6.6.4.Final
2025-01-17 00:31:17 - HHH000026: Second-level cache disabled
2025-01-17 00:31:18 - No LoadTimeWeaver setup: ignoring JPA class transformer
2025-01-17 00:31:18 - HHH90000025: PostgreSQLDialect does not need to be specified explicitly using 'hibernate.dialect' (remove the property setting and it will be selected by default)
2025-01-17 00:31:18 - HHH10001005: Database info:
	Database JDBC URL [Connecting through datasource 'HikariDataSource (HikariPool-1)']
	Database driver: undefined/unknown
	Database version: 17.2
	Autocommit mode: undefined/unknown
	Isolation level: undefined/unknown
	Minimum pool size: undefined/unknown
	Maximum pool size: undefined/unknown
2025-01-17 00:31:19 - HHH000489: No JTA platform available (set 'hibernate.transaction.jta.platform' to enable JTA platform integration)
2025-01-17 00:31:19 - Initialized JPA EntityManagerFactory for persistence unit 'default'
2025-01-17 00:31:20 - Hibernate is in classpath; If applicable, HQL parser will be used.
2025-01-17 00:31:21 - LiveReload server is running on port 35729
2025-01-17 00:31:21 - Started LiteraluraApplication in 5.979 seconds (process running for 6.483)
2025-01-17 00:32:30 - Closing JPA EntityManagerFactory for persistence unit 'default'
2025-01-17 00:47:35 - Starting LiteraluraApplication using Java 23.0.1 with PID 26484 (C:\Users\ASCANIO\OneDrive\Documentos\Alura\literalura\target\classes started by ASCANIO in C:\Users\ASCANIO\OneDrive\Documentos\Alura\literalura)
2025-01-17 00:47:35 - No active profile set, falling back to 1 default profile: "default"
2025-01-17 00:47:35 - Bootstrapping Spring Data JPA repositories in DEFAULT mode.
2025-01-17 00:47:35 - Finished Spring Data repository scanning in 45 ms. Found 2 JPA repository interfaces.
2025-01-17 00:47:36 - HHH000204: Processing PersistenceUnitInfo [name: default]
2025-01-17 00:47:36 - HHH000412: Hibernate ORM core version 6.6.4.Final
2025-01-17 00:47:36 - HHH000026: Second-level cache disabled
2025-01-17 00:47:36 - No LoadTimeWeaver setup: ignoring JPA class transformer
2025-01-17 00:47:37 - SQL Error: 0, SQLState: 08001
2025-01-17 00:47:37 - El intento de conexión falló.
2025-01-17 00:47:37 - HHH000342: Could not obtain connection to query metadata
org.hibernate.exception.JDBCConnectionException: unable to obtain isolated JDBC connection [El intento de conexión falló.] [n/a]
	at org.hibernate.exception.internal.SQLStateConversionDelegate.convert(SQLStateConversionDelegate.java:100)
	at org.hibernate.exception.internal.StandardSQLExceptionConverter.convert(StandardSQLExceptionConverter.java:58)
	at org.hibernate.engine.jdbc.spi.SqlExceptionHelper.convert(SqlExceptionHelper.java:108)
	at org.hibernate.engine.jdbc.spi.SqlExceptionHelper.convert(SqlExceptionHelper.java:94)
	at org.hibernate.resource.transaction.backend.jdbc.internal.JdbcIsolationDelegate.delegateWork(JdbcIsolationDelegate.java:116)
	at org.hibernate.engine.jdbc.env.internal.JdbcEnvironmentInitiator.getJdbcEnvironmentUsingJdbcMetadata(JdbcEnvironmentInitiator.java:320)
	at org.hibernate.engine.jdbc.env.internal.JdbcEnvironmentInitiator.initiateService(JdbcEnvironmentInitiator.java:129)
	at org.hibernate.engine.jdbc.env.internal.JdbcEnvironmentInitiator.initiateService(JdbcEnvironmentInitiator.java:81)
	at org.hibernate.boot.registry.internal.StandardServiceRegistryImpl.initiateService(StandardServiceRegistryImpl.java:130)
	at org.hibernate.service.internal.AbstractServiceRegistryImpl.createService(AbstractServiceRegistryImpl.java:263)
	at org.hibernate.service.internal.AbstractServiceRegistryImpl.initializeService(AbstractServiceRegistryImpl.java:238)
	at org.hibernate.service.internal.AbstractServiceRegistryImpl.getService(AbstractServiceRegistryImpl.java:215)
	at org.hibernate.boot.model.relational.Database.<init>(Database.java:45)
	at org.hibernate.boot.internal.InFlightMetadataCollectorImpl.getDatabase(InFlightMetadataCollectorImpl.java:226)
	at org.hibernate.boot.internal.InFlightMetadataCollectorImpl.<init>(InFlightMetadataCollectorImpl.java:194)
	at org.hibernate.boot.model.process.spi.MetadataBuildingProcess.complete(MetadataBuildingProcess.java:171)
	at org.hibernate.jpa.boot.internal.EntityManagerFactoryBuilderImpl.metadata(EntityManagerFactoryBuilderImpl.java:1431)
	at org.hibernate.jpa.boot.internal.EntityManagerFactoryBuilderImpl.build(EntityManagerFactoryBuilderImpl.java:1502)
	at org.springframework.orm.jpa.vendor.SpringHibernateJpaPersistenceProvider.createContainerEntityManagerFactory(SpringHibernateJpaPersistenceProvider.java:66)
	at org.springframework.orm.jpa.LocalContainerEntityManagerFactoryBean.createNativeEntityManagerFactory(LocalContainerEntityManagerFactoryBean.java:390)
	at org.springframework.orm.jpa.AbstractEntityManagerFactoryBean.buildNativeEntityManagerFactory(AbstractEntityManagerFactoryBean.java:419)
	at org.springframework.orm.jpa.AbstractEntityManagerFactoryBean.afterPropertiesSet(AbstractEntityManagerFactoryBean.java:400)
	at org.springframework.orm.jpa.LocalContainerEntityManagerFactoryBean.afterPropertiesSet(LocalContainerEntityManagerFactoryBean.java:366)
	at org.springframework.beans.factory.support.AbstractAutowireCapableBeanFactory.invokeInitMethods(AbstractAutowireCapableBeanFactory.java:1855)
	at org.springframework.beans.factory.support.AbstractAutowireCapableBeanFactory.initializeBean(AbstractAutowireCapableBeanFactory.java:1804)
	at org.springframework.beans.factory.support.AbstractAutowireCapableBeanFactory.doCreateBean(AbstractAutowireCapableBeanFactory.java:601)
	at org.springframework.beans.factory.support.AbstractAutowireCapableBeanFactory.createBean(AbstractAutowireCapableBeanFactory.java:523)
	at org.springframework.beans.factory.support.AbstractBeanFactory.lambda$doGetBean$0(AbstractBeanFactory.java:336)
	at org.springframework.beans.factory.support.DefaultSingletonBeanRegistry.getSingleton(DefaultSingletonBeanRegistry.java:289)
	at org.springframework.beans.factory.support.AbstractBeanFactory.doGetBean(AbstractBeanFactory.java:334)
	at org.springframework.beans.factory.support.AbstractBeanFactory.getBean(AbstractBeanFactory.java:204)
	at org.springframework.context.support.AbstractApplicationContext.finishBeanFactoryInitialization(AbstractApplicationContext.java:970)
	at org.springframework.context.support.AbstractApplicationContext.refresh(AbstractApplicationContext.java:627)
	at org.springframework.boot.SpringApplication.refresh(SpringApplication.java:752)
	at org.springframework.boot.SpringApplication.refreshContext(SpringApplication.java:439)
	at org.springframework.boot.SpringApplication.run(SpringApplication.java:318)
	at org.springframework.boot.SpringApplication.run(SpringApplication.java:1361)
	at org.springframework.boot.SpringApplication.run(SpringApplication.java:1350)
	at com.alura.literalura.LiteraluraApplication.main(LiteraluraApplication.java:26)
	at java.base/jdk.internal.reflect.DirectMethodHandleAccessor.invoke(DirectMethodHandleAccessor.java:103)
	at java.base/java.lang.reflect.Method.invoke(Method.java:580)
	at org.springframework.boot.devtools.restart.RestartLauncher.run(RestartLauncher.java:50)
Caused by: org.postgresql.util.PSQLException: El intento de conexión falló.
	at org.postgresql.core.v3.ConnectionFactoryImpl.openConnectionImpl(ConnectionFactoryImpl.java:364)
	at org.postgresql.core.ConnectionFactory.openConnection(ConnectionFactory.java:54)
	at org.postgresql.jdbc.PgConnection.<init>(PgConnection.java:273)
	at org.postgresql.Driver.makeConnection(Driver.java:446)
	at org.postgresql.Driver.connect(Driver.java:298)
	at com.zaxxer.hikari.util.DriverDataSource.getConnection(DriverDataSource.java:137)
	at com.zaxxer.hikari.pool.PoolBase.newConnection(PoolBase.java:360)
	at com.zaxxer.hikari.pool.PoolBase.newPoolEntry(PoolBase.java:202)
	at com.zaxxer.hikari.pool.HikariPool.createPoolEntry(HikariPool.java:461)
	at com.zaxxer.hikari.pool.HikariPool.checkFailFast(HikariPool.java:550)
	at com.zaxxer.hikari.pool.HikariPool.<init>(HikariPool.java:98)
	at com.zaxxer.hikari.HikariDataSource.getConnection(HikariDataSource.java:111)
	at org.hibernate.engine.jdbc.connections.internal.DatasourceConnectionProviderImpl.getConnection(DatasourceConnectionProviderImpl.java:126)
	at org.hibernate.engine.jdbc.env.internal.JdbcEnvironmentInitiator$ConnectionProviderJdbcConnectionAccess.obtainConnection(JdbcEnvironmentInitiator.java:467)
	at org.hibernate.resource.transaction.backend.jdbc.internal.JdbcIsolationDelegate.delegateWork(JdbcIsolationDelegate.java:61)
	... 37 common frames omitted
Caused by: java.net.UnknownHostException: ${DB_HOST}
	at java.base/sun.nio.ch.NioSocketImpl.connect(NioSocketImpl.java:567)
	at java.base/java.net.SocksSocketImpl.connect(SocksSocketImpl.java:327)
	at java.base/java.net.Socket.connect(Socket.java:760)
	at org.postgresql.core.PGStream.createSocket(PGStream.java:260)
	at org.postgresql.core.PGStream.<init>(PGStream.java:121)
	at org.postgresql.core.v3.ConnectionFactoryImpl.tryConnect(ConnectionFactoryImpl.java:140)
	at org.postgresql.core.v3.ConnectionFactoryImpl.openConnectionImpl(ConnectionFactoryImpl.java:268)
	... 51 common frames omitted
2025-01-17 00:47:37 - HHH90000025: PostgreSQLDialect does not need to be specified explicitly using 'hibernate.dialect' (remove the property setting and it will be selected by default)
2025-01-17 00:47:37 - HHH10001005: Database info:
	Database JDBC URL [Connecting through datasource 'HikariDataSource (null)']
	Database driver: undefined/unknown
	Database version: 12.0
	Autocommit mode: undefined/unknown
	Isolation level: undefined/unknown
	Minimum pool size: undefined/unknown
	Maximum pool size: undefined/unknown
2025-01-17 00:47:38 - HHH000489: No JTA platform available (set 'hibernate.transaction.jta.platform' to enable JTA platform integration)
2025-01-17 00:47:39 - SQL Error: 0, SQLState: 08001
2025-01-17 00:47:39 - El intento de conexión falló.
2025-01-17 00:47:39 - Failed to initialize JPA EntityManagerFactory: [PersistenceUnit: default] Unable to build Hibernate SessionFactory; nested exception is org.hibernate.exception.JDBCConnectionException: Unable to open JDBC Connection for DDL execution [El intento de conexión falló.] [n/a]
2025-01-17 00:47:39 - Exception encountered during context initialization - cancelling refresh attempt: org.springframework.beans.factory.BeanCreationException: Error creating bean with name 'entityManagerFactory' defined in class path resource [org/springframework/boot/autoconfigure/orm/jpa/HibernateJpaConfiguration.class]: [PersistenceUnit: default] Unable to build Hibernate SessionFactory; nested exception is org.hibernate.exception.JDBCConnectionException: Unable to open JDBC Connection for DDL execution [El intento de conexión falló.] [n/a]
2025-01-17 00:47:39 - 

Error starting ApplicationContext. To display the condition evaluation report re-run your application with 'debug' enabled.
2025-01-17 00:47:39 - Application run failed
org.springframework.beans.factory.BeanCreationException: Error creating bean with name 'entityManagerFactory' defined in class path resource [org/springframework/boot/autoconfigure/orm/jpa/HibernateJpaConfiguration.class]: [PersistenceUnit: default] Unable to build Hibernate SessionFactory; nested exception is org.hibernate.exception.JDBCConnectionException: Unable to open JDBC Connection for DDL execution [El intento de conexión falló.] [n/a]
	at org.springframework.beans.factory.support.AbstractAutowireCapableBeanFactory.initializeBean(AbstractAutowireCapableBeanFactory.java:1808)
	at org.springframework.beans.factory.support.AbstractAutowireCapableBeanFactory.doCreateBean(AbstractAutowireCapableBeanFactory.java:601)
	at org.springframework.beans.factory.support.AbstractAutowireCapableBeanFactory.createBean(AbstractAutowireCapableBeanFactory.java:523)
	at org.springframework.beans.factory.support.AbstractBeanFactory.lambda$doGetBean$0(AbstractBeanFactory.java:336)
	at org.springframework.beans.factory.support.DefaultSingletonBeanRegistry.getSingleton(DefaultSingletonBeanRegistry.java:289)
	at org.springframework.beans.factory.support.AbstractBeanFactory.doGetBean(AbstractBeanFactory.java:334)
	at org.springframework.beans.factory.support.AbstractBeanFactory.getBean(AbstractBeanFactory.java:204)
	at org.springframework.context.support.AbstractApplicationContext.finishBeanFactoryInitialization(AbstractApplicationContext.java:970)
	at org.springframework.context.support.AbstractApplicationContext.refresh(AbstractApplicationContext.java:627)
	at org.springframework.boot.SpringApplication.refresh(SpringApplication.java:752)
	at org.springframework.boot.SpringApplication.refreshContext(SpringApplication.java:439)
	at org.springframework.boot.SpringApplication.run(SpringApplication.java:318)
	at org.springframework.boot.SpringApplication.run(SpringApplication.java:1361)
	at org.springframework.boot.SpringApplication.run(SpringApplication.java:1350)
	at com.alura.literalura.LiteraluraApplication.main(LiteraluraApplication.java:26)
	at java.base/jdk.internal.reflect.DirectMethodHandleAccessor.invoke(DirectMethodHandleAccessor.java:103)
	at java.base/java.lang.reflect.Method.invoke(Method.java:580)
	at org.springframework.boot.devtools.restart.RestartLauncher.run(RestartLauncher.java:50)
Caused by: jakarta.persistence.PersistenceException: [PersistenceUnit: default] Unable to build Hibernate SessionFactory; nested exception is org.hibernate.exception.JDBCConnectionException: Unable to open JDBC Connection for DDL execution [El intento de conexión falló.] [n/a]
	at org.springframework.orm.jpa.AbstractEntityManagerFactoryBean.buildNativeEntityManagerFactory(AbstractEntityManagerFactoryBean.java:431)
	at org.springframework.orm.jpa.AbstractEntityManagerFactoryBean.afterPropertiesSet(AbstractEntityManagerFactoryBean.java:400)
	at org.springframework.orm.jpa.LocalContainerEntityManagerFactoryBean.afterPropertiesSet(LocalContainerEntityManagerFactoryBean.java:366)
	at org.springframework.beans.factory.support.AbstractAutowireCapableBeanFactory.invokeInitMethods(AbstractAutowireCapableBeanFactory.java:1855)
	at org.springframework.beans.factory.support.AbstractAutowireCapableBeanFactory.initializeBean(AbstractAutowireCapableBeanFactory.java:1804)
	... 17 common frames omitted
Caused by: org.hibernate.exception.JDBCConnectionException: Unable to open JDBC Connection for DDL execution [El intento de conexión falló.] [n/a]
	at org.hibernate.exception.internal.SQLStateConversionDelegate.convert(SQLStateConversionDelegate.java:100)
	at org.hibernate.exception.internal.StandardSQLExceptionConverter.convert(StandardSQLExceptionConverter.java:58)
	at org.hibernate.engine.jdbc.spi.SqlExceptionHelper.convert(SqlExceptionHelper.java:108)
	at org.hibernate.engine.jdbc.spi.SqlExceptionHelper.convert(SqlExceptionHelper.java:94)
	at org.hibernate.resource.transaction.backend.jdbc.internal.DdlTransactionIsolatorNonJtaImpl.getIsolatedConnection(DdlTransactionIsolatorNonJtaImpl.java:74)
	at org.hibernate.resource.transaction.backend.jdbc.internal.DdlTransactionIsolatorNonJtaImpl.getIsolatedConnection(DdlTransactionIsolatorNonJtaImpl.java:39)
	at org.hibernate.tool.schema.internal.exec.ImprovedExtractionContextImpl.getJdbcConnection(ImprovedExtractionContextImpl.java:63)
	at org.hibernate.tool.schema.extract.spi.ExtractionContext.getQueryResults(ExtractionContext.java:43)
	at org.hibernate.tool.schema.extract.internal.SequenceInformationExtractorLegacyImpl.extractMetadata(SequenceInformationExtractorLegacyImpl.java:39)
	at org.hibernate.tool.schema.extract.internal.DatabaseInformationImpl.initializeSequences(DatabaseInformationImpl.java:66)
	at org.hibernate.tool.schema.extract.internal.DatabaseInformationImpl.<init>(DatabaseInformationImpl.java:60)
	at org.hibernate.tool.schema.internal.Helper.buildDatabaseInformation(Helper.java:185)
	at org.hibernate.tool.schema.internal.AbstractSchemaMigrator.doMigration(AbstractSchemaMigrator.java:93)
	at org.hibernate.tool.schema.spi.SchemaManagementToolCoordinator.performDatabaseAction(SchemaManagementToolCoordinator.java:280)
	at org.hibernate.tool.schema.spi.SchemaManagementToolCoordinator.lambda$process$5(SchemaManagementToolCoordinator.java:144)
	at java.base/java.util.HashMap.forEach(HashMap.java:1430)
	at org.hibernate.tool.schema.spi.SchemaManagementToolCoordinator.process(SchemaManagementToolCoordinator.java:141)
	at org.hibernate.boot.internal.SessionFactoryObserverForSchemaExport.sessionFactoryCreated(SessionFactoryObserverForSchemaExport.java:37)
	at org.hibernate.internal.SessionFactoryObserverChain.sessionFactoryCreated(SessionFactoryObserverChain.java:35)
	at org.hibernate.internal.SessionFactoryImpl.<init>(SessionFactoryImpl.java:324)
	at org.hibernate.boot.internal.SessionFactoryBuilderImpl.build(SessionFactoryBuilderImpl.java:463)
	at org.hibernate.jpa.boot.internal.EntityManagerFactoryBuilderImpl.build(EntityManagerFactoryBuilderImpl.java:1506)
	at org.springframework.orm.jpa.vendor.SpringHibernateJpaPersistenceProvider.createContainerEntityManagerFactory(SpringHibernateJpaPersistenceProvider.java:66)
	at org.springframework.orm.jpa.LocalContainerEntityManagerFactoryBean.createNativeEntityManagerFactory(LocalContainerEntityManagerFactoryBean.java:390)
	at org.springframework.orm.jpa.AbstractEntityManagerFactoryBean.buildNativeEntityManagerFactory(AbstractEntityManagerFactoryBean.java:419)
	... 21 common frames omitted
Caused by: org.postgresql.util.PSQLException: El intento de conexión falló.
	at org.postgresql.core.v3.ConnectionFactoryImpl.openConnectionImpl(ConnectionFactoryImpl.java:364)
	at org.postgresql.core.ConnectionFactory.openConnection(ConnectionFactory.java:54)
	at org.postgresql.jdbc.PgConnection.<init>(PgConnection.java:273)
	at org.postgresql.Driver.makeConnection(Driver.java:446)
	at org.postgresql.Driver.connect(Driver.java:298)
	at com.zaxxer.hikari.util.DriverDataSource.getConnection(DriverDataSource.java:137)
	at com.zaxxer.hikari.pool.PoolBase.newConnection(PoolBase.java:360)
	at com.zaxxer.hikari.pool.PoolBase.newPoolEntry(PoolBase.java:202)
	at com.zaxxer.hikari.pool.HikariPool.createPoolEntry(HikariPool.java:461)
	at com.zaxxer.hikari.pool.HikariPool.checkFailFast(HikariPool.java:550)
	at com.zaxxer.hikari.pool.HikariPool.<init>(HikariPool.java:98)
	at com.zaxxer.hikari.HikariDataSource.getConnection(HikariDataSource.java:111)
	at org.hibernate.engine.jdbc.connections.internal.DatasourceConnectionProviderImpl.getConnection(DatasourceConnectionProviderImpl.java:126)
	at org.hibernate.engine.jdbc.env.internal.JdbcEnvironmentInitiator$ConnectionProviderJdbcConnectionAccess.obtainConnection(JdbcEnvironmentInitiator.java:467)
	at org.hibernate.resource.transaction.backend.jdbc.internal.DdlTransactionIsolatorNonJtaImpl.getIsolatedConnection(DdlTransactionIsolatorNonJtaImpl.java:46)
	... 41 common frames omitted
Caused by: java.net.UnknownHostException: ${DB_HOST}
	at java.base/sun.nio.ch.NioSocketImpl.connect(NioSocketImpl.java:567)
	at java.base/java.net.SocksSocketImpl.connect(SocksSocketImpl.java:327)
	at java.base/java.net.Socket.connect(Socket.java:760)
	at org.postgresql.core.PGStream.createSocket(PGStream.java:260)
	at org.postgresql.core.PGStream.<init>(PGStream.java:121)
	at org.postgresql.core.v3.ConnectionFactoryImpl.tryConnect(ConnectionFactoryImpl.java:140)
	at org.postgresql.core.v3.ConnectionFactoryImpl.openConnectionImpl(ConnectionFactoryImpl.java:268)
	... 55 common frames omitted
2025-01-17 00:55:31 - Starting LiteraluraApplication using Java 23.0.1 with PID 20624 (C:\Users\ASCANIO\OneDrive\Documentos\Alura\literalura\target\classes started by ASCANIO in C:\Users\ASCANIO\OneDrive\Documentos\Alura\literalura)
2025-01-17 00:55:31 - No active profile set, falling back to 1 default profile: "default"
2025-01-17 00:55:32 - Bootstrapping Spring Data JPA repositories in DEFAULT mode.
2025-01-17 00:55:32 - Finished Spring Data repository scanning in 48 ms. Found 2 JPA repository interfaces.
2025-01-17 00:55:32 - HHH000204: Processing PersistenceUnitInfo [name: default]
2025-01-17 00:55:33 - HHH000412: Hibernate ORM core version 6.6.4.Final
2025-01-17 00:55:33 - HHH000026: Second-level cache disabled
2025-01-17 00:55:33 - No LoadTimeWeaver setup: ignoring JPA class transformer
2025-01-17 00:55:33 - HHH90000025: PostgreSQLDialect does not need to be specified explicitly using 'hibernate.dialect' (remove the property setting and it will be selected by default)
2025-01-17 00:55:33 - HHH10001005: Database info:
	Database JDBC URL [Connecting through datasource 'HikariDataSource (HikariPool-1)']
	Database driver: undefined/unknown
	Database version: 17.2
	Autocommit mode: undefined/unknown
	Isolation level: undefined/unknown
	Minimum pool size: undefined/unknown
	Maximum pool size: undefined/unknown
2025-01-17 00:55:34 - HHH000489: No JTA platform available (set 'hibernate.transaction.jta.platform' to enable JTA platform integration)
2025-01-17 00:55:34 - Initialized JPA EntityManagerFactory for persistence unit 'default'
2025-01-17 00:55:34 - Hibernate is in classpath; If applicable, HQL parser will be used.
2025-01-17 00:55:35 - LiveReload server is running on port 35729
2025-01-17 00:55:35 - Started LiteraluraApplication in 4.383 seconds (process running for 4.862)
2025-01-17 00:55:41 - Closing JPA EntityManagerFactory for persistence unit 'default'
2025-01-17 08:32:21 - Starting LiteraluraApplication using Java 23.0.1 with PID 9696 (C:\Users\ASCANIO\OneDrive\Documentos\Alura\literalura\target\classes started by ASCANIO in C:\Users\ASCANIO\OneDrive\Documentos\Alura\literalura)
2025-01-17 08:32:21 - No active profile set, falling back to 1 default profile: "default"
2025-01-17 08:32:23 - Bootstrapping Spring Data JPA repositories in DEFAULT mode.
2025-01-17 08:32:23 - Finished Spring Data repository scanning in 145 ms. Found 2 JPA repository interfaces.
2025-01-17 08:32:25 - HHH000204: Processing PersistenceUnitInfo [name: default]
2025-01-17 08:32:25 - HHH000412: Hibernate ORM core version 6.6.4.Final
2025-01-17 08:32:25 - HHH000026: Second-level cache disabled
2025-01-17 08:32:26 - No LoadTimeWeaver setup: ignoring JPA class transformer
2025-01-17 08:32:27 - HHH90000025: PostgreSQLDialect does not need to be specified explicitly using 'hibernate.dialect' (remove the property setting and it will be selected by default)
2025-01-17 08:32:27 - HHH10001005: Database info:
	Database JDBC URL [Connecting through datasource 'HikariDataSource (HikariPool-1)']
	Database driver: undefined/unknown
	Database version: 17.2
	Autocommit mode: undefined/unknown
	Isolation level: undefined/unknown
	Minimum pool size: undefined/unknown
	Maximum pool size: undefined/unknown
2025-01-17 08:32:31 - HHH000489: No JTA platform available (set 'hibernate.transaction.jta.platform' to enable JTA platform integration)
2025-01-17 08:32:31 - Initialized JPA EntityManagerFactory for persistence unit 'default'
2025-01-17 08:32:33 - Hibernate is in classpath; If applicable, HQL parser will be used.
2025-01-17 08:32:36 - LiveReload server is running on port 35729
2025-01-17 08:32:36 - Started LiteraluraApplication in 16.696 seconds (process running for 18.092)
2025-01-17 08:43:29 - Closing JPA EntityManagerFactory for persistence unit 'default'
2025-01-17 09:05:15 - Starting LiteraluraApplication using Java 23.0.1 with PID 12592 (C:\Users\ASCANIO\OneDrive\Documentos\Alura\literalura\target\classes started by ASCANIO in C:\Users\ASCANIO\OneDrive\Documentos\Alura\literalura)
2025-01-17 09:05:15 - No active profile set, falling back to 1 default profile: "default"
2025-01-17 09:05:17 - Bootstrapping Spring Data JPA repositories in DEFAULT mode.
2025-01-17 09:05:17 - Finished Spring Data repository scanning in 98 ms. Found 2 JPA repository interfaces.
2025-01-17 09:05:18 - HHH000204: Processing PersistenceUnitInfo [name: default]
2025-01-17 09:05:18 - HHH000412: Hibernate ORM core version 6.6.4.Final
2025-01-17 09:05:18 - HHH000026: Second-level cache disabled
2025-01-17 09:05:19 - No LoadTimeWeaver setup: ignoring JPA class transformer
2025-01-17 09:05:19 - HHH90000025: PostgreSQLDialect does not need to be specified explicitly using 'hibernate.dialect' (remove the property setting and it will be selected by default)
2025-01-17 09:05:19 - HHH10001005: Database info:
	Database JDBC URL [Connecting through datasource 'HikariDataSource (HikariPool-1)']
	Database driver: undefined/unknown
	Database version: 17.2
	Autocommit mode: undefined/unknown
	Isolation level: undefined/unknown
	Minimum pool size: undefined/unknown
	Maximum pool size: undefined/unknown
2025-01-17 09:05:22 - HHH000489: No JTA platform available (set 'hibernate.transaction.jta.platform' to enable JTA platform integration)
2025-01-17 09:05:22 - Initialized JPA EntityManagerFactory for persistence unit 'default'
2025-01-17 09:05:23 - Hibernate is in classpath; If applicable, HQL parser will be used.
2025-01-17 09:05:26 - LiveReload server is running on port 35729
2025-01-17 09:05:27 - Started LiteraluraApplication in 12.832 seconds (process running for 13.934)
2025-01-17 09:19:32 - Closing JPA EntityManagerFactory for persistence unit 'default'
2025-01-17 09:19:34 - Starting LiteraluraApplication using Java 23.0.1 with PID 15912 (C:\Users\ASCANIO\OneDrive\Documentos\Alura\literalura\target\classes started by ASCANIO in C:\Users\ASCANIO\OneDrive\Documentos\Alura\literalura)
2025-01-17 09:19:34 - No active profile set, falling back to 1 default profile: "default"
2025-01-17 09:19:35 - Bootstrapping Spring Data JPA repositories in DEFAULT mode.
2025-01-17 09:19:35 - Finished Spring Data repository scanning in 52 ms. Found 2 JPA repository interfaces.
2025-01-17 09:19:35 - HHH000204: Processing PersistenceUnitInfo [name: default]
2025-01-17 09:19:35 - HHH000412: Hibernate ORM core version 6.6.4.Final
2025-01-17 09:19:35 - HHH000026: Second-level cache disabled
2025-01-17 09:19:36 - No LoadTimeWeaver setup: ignoring JPA class transformer
2025-01-17 09:19:36 - HHH90000025: PostgreSQLDialect does not need to be specified explicitly using 'hibernate.dialect' (remove the property setting and it will be selected by default)
2025-01-17 09:19:36 - HHH10001005: Database info:
	Database JDBC URL [Connecting through datasource 'HikariDataSource (HikariPool-1)']
	Database driver: undefined/unknown
	Database version: 17.2
	Autocommit mode: undefined/unknown
	Isolation level: undefined/unknown
	Minimum pool size: undefined/unknown
	Maximum pool size: undefined/unknown
2025-01-17 09:19:37 - HHH000489: No JTA platform available (set 'hibernate.transaction.jta.platform' to enable JTA platform integration)
2025-01-17 09:19:37 - Initialized JPA EntityManagerFactory for persistence unit 'default'
2025-01-17 09:19:38 - Hibernate is in classpath; If applicable, HQL parser will be used.
2025-01-17 09:19:39 - LiveReload server is running on port 35729
2025-01-17 09:19:39 - Started LiteraluraApplication in 6.062 seconds (process running for 6.638)
2025-01-17 09:22:45 - Closing JPA EntityManagerFactory for persistence unit 'default'
2025-01-17 10:41:53 - Starting LiteraluraApplication using Java 23.0.1 with PID 17672 (C:\Users\ASCANIO\OneDrive\Documentos\Alura\literalura\target\classes started by ASCANIO in C:\Users\ASCANIO\OneDrive\Documentos\Alura\literalura)
2025-01-17 10:41:53 - No active profile set, falling back to 1 default profile: "default"
2025-01-17 10:41:53 - Bootstrapping Spring Data JPA repositories in DEFAULT mode.
2025-01-17 10:41:54 - Finished Spring Data repository scanning in 52 ms. Found 2 JPA repository interfaces.
2025-01-17 10:41:54 - HHH000204: Processing PersistenceUnitInfo [name: default]
2025-01-17 10:41:54 - HHH000412: Hibernate ORM core version 6.6.4.Final
2025-01-17 10:41:54 - HHH000026: Second-level cache disabled
2025-01-17 10:41:54 - No LoadTimeWeaver setup: ignoring JPA class transformer
2025-01-17 10:41:55 - HHH90000025: PostgreSQLDialect does not need to be specified explicitly using 'hibernate.dialect' (remove the property setting and it will be selected by default)
2025-01-17 10:41:55 - HHH10001005: Database info:
	Database JDBC URL [Connecting through datasource 'HikariDataSource (HikariPool-1)']
	Database driver: undefined/unknown
	Database version: 17.2
	Autocommit mode: undefined/unknown
	Isolation level: undefined/unknown
	Minimum pool size: undefined/unknown
	Maximum pool size: undefined/unknown
2025-01-17 10:41:55 - HHH000489: No JTA platform available (set 'hibernate.transaction.jta.platform' to enable JTA platform integration)
2025-01-17 10:41:56 - Initialized JPA EntityManagerFactory for persistence unit 'default'
2025-01-17 10:41:56 - Hibernate is in classpath; If applicable, HQL parser will be used.
2025-01-17 10:41:57 - LiveReload server is running on port 35729
2025-01-17 10:41:57 - Started LiteraluraApplication in 4.324 seconds (process running for 4.808)
2025-01-17 10:46:35 - Closing JPA EntityManagerFactory for persistence unit 'default'
2025-01-17 10:46:37 - Starting LiteraluraApplication using Java 23.0.1 with PID 18760 (C:\Users\ASCANIO\OneDrive\Documentos\Alura\literalura\target\classes started by ASCANIO in C:\Users\ASCANIO\OneDrive\Documentos\Alura\literalura)
2025-01-17 10:46:37 - No active profile set, falling back to 1 default profile: "default"
2025-01-17 10:46:38 - Bootstrapping Spring Data JPA repositories in DEFAULT mode.
2025-01-17 10:46:38 - Finished Spring Data repository scanning in 49 ms. Found 2 JPA repository interfaces.
2025-01-17 10:46:38 - HHH000204: Processing PersistenceUnitInfo [name: default]
2025-01-17 10:46:38 - HHH000412: Hibernate ORM core version 6.6.4.Final
2025-01-17 10:46:38 - HHH000026: Second-level cache disabled
2025-01-17 10:46:39 - No LoadTimeWeaver setup: ignoring JPA class transformer
2025-01-17 10:46:39 - HHH90000025: PostgreSQLDialect does not need to be specified explicitly using 'hibernate.dialect' (remove the property setting and it will be selected by default)
2025-01-17 10:46:39 - HHH10001005: Database info:
	Database JDBC URL [Connecting through datasource 'HikariDataSource (HikariPool-1)']
	Database driver: undefined/unknown
	Database version: 17.2
	Autocommit mode: undefined/unknown
	Isolation level: undefined/unknown
	Minimum pool size: undefined/unknown
	Maximum pool size: undefined/unknown
2025-01-17 10:46:40 - HHH000489: No JTA platform available (set 'hibernate.transaction.jta.platform' to enable JTA platform integration)
2025-01-17 10:46:40 - Initialized JPA EntityManagerFactory for persistence unit 'default'
2025-01-17 10:46:41 - Hibernate is in classpath; If applicable, HQL parser will be used.
2025-01-17 10:46:42 - LiveReload server is running on port 35729
2025-01-17 10:46:42 - Started LiteraluraApplication in 5.44 seconds (process running for 6.124)
2025-01-17 10:49:42 - Restarting due to 1 class path change (0 additions, 0 deletions, 1 modification)
2025-01-17 10:49:42 - Closing JPA EntityManagerFactory for persistence unit 'default'
2025-01-17 10:49:42 - Starting LiteraluraApplication using Java 23.0.1 with PID 18760 (C:\Users\ASCANIO\OneDrive\Documentos\Alura\literalura\target\classes started by ASCANIO in C:\Users\ASCANIO\OneDrive\Documentos\Alura\literalura)
2025-01-17 10:49:42 - No active profile set, falling back to 1 default profile: "default"
2025-01-17 10:49:42 - Bootstrapping Spring Data JPA repositories in DEFAULT mode.
2025-01-17 10:49:42 - Finished Spring Data repository scanning in 12 ms. Found 2 JPA repository interfaces.
2025-01-17 10:49:42 - HHH000204: Processing PersistenceUnitInfo [name: default]
2025-01-17 10:49:42 - HHH000026: Second-level cache disabled
2025-01-17 10:49:42 - No LoadTimeWeaver setup: ignoring JPA class transformer
2025-01-17 10:49:42 - HHH90000025: PostgreSQLDialect does not need to be specified explicitly using 'hibernate.dialect' (remove the property setting and it will be selected by default)
2025-01-17 10:49:42 - HHH10001005: Database info:
	Database JDBC URL [Connecting through datasource 'HikariDataSource (HikariPool-2)']
	Database driver: undefined/unknown
	Database version: 17.2
	Autocommit mode: undefined/unknown
	Isolation level: undefined/unknown
	Minimum pool size: undefined/unknown
	Maximum pool size: undefined/unknown
2025-01-17 10:49:42 - HHH000489: No JTA platform available (set 'hibernate.transaction.jta.platform' to enable JTA platform integration)
2025-01-17 10:49:43 - Initialized JPA EntityManagerFactory for persistence unit 'default'
2025-01-17 10:49:43 - LiveReload server is running on port 35729
2025-01-17 10:49:43 - Started LiteraluraApplication in 0.428 seconds (process running for 186.741)
2025-01-17 10:52:36 - Closing JPA EntityManagerFactory for persistence unit 'default'
2025-01-17 10:52:38 - Starting LiteraluraApplication using Java 23.0.1 with PID 23804 (C:\Users\ASCANIO\OneDrive\Documentos\Alura\literalura\target\classes started by ASCANIO in C:\Users\ASCANIO\OneDrive\Documentos\Alura\literalura)
2025-01-17 10:52:38 - No active profile set, falling back to 1 default profile: "default"
2025-01-17 10:52:39 - Bootstrapping Spring Data JPA repositories in DEFAULT mode.
2025-01-17 10:52:39 - Finished Spring Data repository scanning in 47 ms. Found 2 JPA repository interfaces.
2025-01-17 10:52:39 - HHH000204: Processing PersistenceUnitInfo [name: default]
2025-01-17 10:52:39 - HHH000412: Hibernate ORM core version 6.6.4.Final
2025-01-17 10:52:39 - HHH000026: Second-level cache disabled
2025-01-17 10:52:39 - No LoadTimeWeaver setup: ignoring JPA class transformer
2025-01-17 10:52:40 - HHH90000025: PostgreSQLDialect does not need to be specified explicitly using 'hibernate.dialect' (remove the property setting and it will be selected by default)
2025-01-17 10:52:40 - HHH10001005: Database info:
	Database JDBC URL [Connecting through datasource 'HikariDataSource (HikariPool-1)']
	Database driver: undefined/unknown
	Database version: 17.2
	Autocommit mode: undefined/unknown
	Isolation level: undefined/unknown
	Minimum pool size: undefined/unknown
	Maximum pool size: undefined/unknown
2025-01-17 10:52:41 - HHH000489: No JTA platform available (set 'hibernate.transaction.jta.platform' to enable JTA platform integration)
2025-01-17 10:52:41 - Initialized JPA EntityManagerFactory for persistence unit 'default'
2025-01-17 10:52:41 - Hibernate is in classpath; If applicable, HQL parser will be used.
2025-01-17 10:52:42 - LiveReload server is running on port 35729
2025-01-17 10:52:42 - Started LiteraluraApplication in 4.37 seconds (process running for 4.898)
2025-01-17 10:53:30 - Closing JPA EntityManagerFactory for persistence unit 'default'
2025-01-17 10:53:33 - Starting LiteraluraApplication using Java 23.0.1 with PID 6708 (C:\Users\ASCANIO\OneDrive\Documentos\Alura\literalura\target\classes started by ASCANIO in C:\Users\ASCANIO\OneDrive\Documentos\Alura\literalura)
2025-01-17 10:53:33 - No active profile set, falling back to 1 default profile: "default"
2025-01-17 10:53:34 - Bootstrapping Spring Data JPA repositories in DEFAULT mode.
2025-01-17 10:53:34 - Finished Spring Data repository scanning in 43 ms. Found 2 JPA repository interfaces.
2025-01-17 10:53:34 - HHH000204: Processing PersistenceUnitInfo [name: default]
2025-01-17 10:53:34 - HHH000412: Hibernate ORM core version 6.6.4.Final
2025-01-17 10:53:34 - HHH000026: Second-level cache disabled
2025-01-17 10:53:34 - No LoadTimeWeaver setup: ignoring JPA class transformer
2025-01-17 10:53:35 - HHH90000025: PostgreSQLDialect does not need to be specified explicitly using 'hibernate.dialect' (remove the property setting and it will be selected by default)
2025-01-17 10:53:35 - HHH10001005: Database info:
	Database JDBC URL [Connecting through datasource 'HikariDataSource (HikariPool-1)']
	Database driver: undefined/unknown
	Database version: 17.2
	Autocommit mode: undefined/unknown
	Isolation level: undefined/unknown
	Minimum pool size: undefined/unknown
	Maximum pool size: undefined/unknown
2025-01-17 10:53:36 - HHH000489: No JTA platform available (set 'hibernate.transaction.jta.platform' to enable JTA platform integration)
2025-01-17 10:53:36 - Initialized JPA EntityManagerFactory for persistence unit 'default'
2025-01-17 10:53:36 - Hibernate is in classpath; If applicable, HQL parser will be used.
2025-01-17 10:53:37 - LiveReload server is running on port 35729
2025-01-17 10:53:37 - Started LiteraluraApplication in 4.17 seconds (process running for 4.605)
2025-01-17 10:58:24 - Closing JPA EntityManagerFactory for persistence unit 'default'
2025-01-17 10:58:27 - Starting LiteraluraApplication using Java 23.0.1 with PID 23612 (C:\Users\ASCANIO\OneDrive\Documentos\Alura\literalura\target\classes started by ASCANIO in C:\Users\ASCANIO\OneDrive\Documentos\Alura\literalura)
2025-01-17 10:58:27 - No active profile set, falling back to 1 default profile: "default"
2025-01-17 10:58:27 - Bootstrapping Spring Data JPA repositories in DEFAULT mode.
2025-01-17 10:58:27 - Finished Spring Data repository scanning in 41 ms. Found 2 JPA repository interfaces.
2025-01-17 10:58:27 - HHH000204: Processing PersistenceUnitInfo [name: default]
2025-01-17 10:58:27 - HHH000412: Hibernate ORM core version 6.6.4.Final
2025-01-17 10:58:27 - HHH000026: Second-level cache disabled
2025-01-17 10:58:28 - No LoadTimeWeaver setup: ignoring JPA class transformer
2025-01-17 10:58:28 - HHH90000025: PostgreSQLDialect does not need to be specified explicitly using 'hibernate.dialect' (remove the property setting and it will be selected by default)
2025-01-17 10:58:28 - HHH10001005: Database info:
	Database JDBC URL [Connecting through datasource 'HikariDataSource (HikariPool-1)']
	Database driver: undefined/unknown
	Database version: 17.2
	Autocommit mode: undefined/unknown
	Isolation level: undefined/unknown
	Minimum pool size: undefined/unknown
	Maximum pool size: undefined/unknown
2025-01-17 10:58:29 - HHH000489: No JTA platform available (set 'hibernate.transaction.jta.platform' to enable JTA platform integration)
2025-01-17 10:58:29 - Initialized JPA EntityManagerFactory for persistence unit 'default'
2025-01-17 10:58:29 - Hibernate is in classpath; If applicable, HQL parser will be used.
2025-01-17 10:58:30 - LiveReload server is running on port 35729
2025-01-17 10:58:30 - Started LiteraluraApplication in 3.809 seconds (process running for 4.207)
2025-01-17 11:00:03 - Restarting due to 1 class path change (0 additions, 0 deletions, 1 modification)
2025-01-17 11:00:03 - Closing JPA EntityManagerFactory for persistence unit 'default'
2025-01-17 11:00:03 - Starting LiteraluraApplication using Java 23.0.1 with PID 23612 (C:\Users\ASCANIO\OneDrive\Documentos\Alura\literalura\target\classes started by ASCANIO in C:\Users\ASCANIO\OneDrive\Documentos\Alura\literalura)
2025-01-17 11:00:03 - No active profile set, falling back to 1 default profile: "default"
2025-01-17 11:00:03 - Bootstrapping Spring Data JPA repositories in DEFAULT mode.
2025-01-17 11:00:03 - Finished Spring Data repository scanning in 9 ms. Found 2 JPA repository interfaces.
2025-01-17 11:00:03 - HHH000204: Processing PersistenceUnitInfo [name: default]
2025-01-17 11:00:03 - HHH000026: Second-level cache disabled
2025-01-17 11:00:03 - No LoadTimeWeaver setup: ignoring JPA class transformer
2025-01-17 11:00:03 - HHH90000025: PostgreSQLDialect does not need to be specified explicitly using 'hibernate.dialect' (remove the property setting and it will be selected by default)
2025-01-17 11:00:03 - HHH10001005: Database info:
	Database JDBC URL [Connecting through datasource 'HikariDataSource (HikariPool-2)']
	Database driver: undefined/unknown
	Database version: 17.2
	Autocommit mode: undefined/unknown
	Isolation level: undefined/unknown
	Minimum pool size: undefined/unknown
	Maximum pool size: undefined/unknown
2025-01-17 11:00:03 - HHH000489: No JTA platform available (set 'hibernate.transaction.jta.platform' to enable JTA platform integration)
2025-01-17 11:00:03 - Initialized JPA EntityManagerFactory for persistence unit 'default'
2025-01-17 11:00:03 - LiveReload server is running on port 35729
2025-01-17 11:00:03 - Started LiteraluraApplication in 0.385 seconds (process running for 97.514)
2025-01-17 11:04:30 - Restarting due to 1 class path change (0 additions, 1 deletion, 0 modifications)
2025-01-17 11:04:30 - Closing JPA EntityManagerFactory for persistence unit 'default'
2025-01-17 11:04:30 - Starting LiteraluraApplication using Java 23.0.1 with PID 23612 (C:\Users\ASCANIO\OneDrive\Documentos\Alura\literalura\target\classes started by ASCANIO in C:\Users\ASCANIO\OneDrive\Documentos\Alura\literalura)
2025-01-17 11:04:30 - No active profile set, falling back to 1 default profile: "default"
2025-01-17 11:04:30 - Application run failed
java.lang.NoClassDefFoundError: com/alura/literalura/principal/Menu
	at java.base/java.lang.Class.getDeclaredConstructors0(Native Method)
	at java.base/java.lang.Class.privateGetDeclaredConstructors(Class.java:3621)
	at java.base/java.lang.Class.getDeclaredConstructors(Class.java:2786)
	at org.springframework.boot.BeanDefinitionLoader.hasNoConstructors(BeanDefinitionLoader.java:293)
	at org.springframework.boot.BeanDefinitionLoader.isEligible(BeanDefinitionLoader.java:285)
	at org.springframework.boot.BeanDefinitionLoader.load(BeanDefinitionLoader.java:160)
	at org.springframework.boot.BeanDefinitionLoader.load(BeanDefinitionLoader.java:136)
	at org.springframework.boot.BeanDefinitionLoader.load(BeanDefinitionLoader.java:129)
	at org.springframework.boot.SpringApplication.load(SpringApplication.java:697)
	at org.springframework.boot.SpringApplication.prepareContext(SpringApplication.java:414)
	at org.springframework.boot.SpringApplication.run(SpringApplication.java:317)
	at org.springframework.boot.SpringApplication.run(SpringApplication.java:1361)
	at org.springframework.boot.SpringApplication.run(SpringApplication.java:1350)
	at com.alura.literalura.LiteraluraApplication.main(LiteraluraApplication.java:26)
	at java.base/jdk.internal.reflect.DirectMethodHandleAccessor.invoke(DirectMethodHandleAccessor.java:103)
	at java.base/java.lang.reflect.Method.invoke(Method.java:580)
	at org.springframework.boot.devtools.restart.RestartLauncher.run(RestartLauncher.java:50)
Caused by: java.lang.ClassNotFoundException: com.alura.literalura.principal.Menu
	at java.base/jdk.internal.loader.BuiltinClassLoader.loadClass(BuiltinClassLoader.java:641)
	at java.base/jdk.internal.loader.ClassLoaders$AppClassLoader.loadClass(ClassLoaders.java:188)
	at java.base/java.lang.ClassLoader.loadClass(ClassLoader.java:528)
	at java.base/java.lang.Class.forName0(Native Method)
	at java.base/java.lang.Class.forName(Class.java:578)
	at java.base/java.lang.Class.forName(Class.java:557)
	at org.springframework.boot.devtools.restart.classloader.RestartClassLoader.loadClass(RestartClassLoader.java:121)
	at java.base/java.lang.ClassLoader.loadClass(ClassLoader.java:528)
	... 17 common frames omitted
2025-01-17 11:08:02 - Starting LiteraluraApplication using Java 23.0.1 with PID 17572 (C:\Users\ASCANIO\OneDrive\Documentos\Alura\literalura\target\classes started by ASCANIO in C:\Users\ASCANIO\OneDrive\Documentos\Alura\literalura)
2025-01-17 11:08:02 - No active profile set, falling back to 1 default profile: "default"
2025-01-17 11:08:02 - Bootstrapping Spring Data JPA repositories in DEFAULT mode.
2025-01-17 11:08:03 - Finished Spring Data repository scanning in 39 ms. Found 2 JPA repository interfaces.
2025-01-17 11:08:03 - HHH000204: Processing PersistenceUnitInfo [name: default]
2025-01-17 11:08:03 - HHH000412: Hibernate ORM core version 6.6.4.Final
2025-01-17 11:08:03 - HHH000026: Second-level cache disabled
2025-01-17 11:08:03 - No LoadTimeWeaver setup: ignoring JPA class transformer
2025-01-17 11:08:03 - HHH90000025: PostgreSQLDialect does not need to be specified explicitly using 'hibernate.dialect' (remove the property setting and it will be selected by default)
2025-01-17 11:08:03 - HHH10001005: Database info:
	Database JDBC URL [Connecting through datasource 'HikariDataSource (HikariPool-1)']
	Database driver: undefined/unknown
	Database version: 17.2
	Autocommit mode: undefined/unknown
	Isolation level: undefined/unknown
	Minimum pool size: undefined/unknown
	Maximum pool size: undefined/unknown
2025-01-17 11:08:04 - HHH000489: No JTA platform available (set 'hibernate.transaction.jta.platform' to enable JTA platform integration)
2025-01-17 11:08:04 - Initialized JPA EntityManagerFactory for persistence unit 'default'
2025-01-17 11:08:05 - Hibernate is in classpath; If applicable, HQL parser will be used.
2025-01-17 11:08:05 - LiveReload server is running on port 35729
2025-01-17 11:08:05 - Started LiteraluraApplication in 3.728 seconds (process running for 4.124)
2025-01-17 11:09:50 - 

Error starting ApplicationContext. To display the condition evaluation report re-run your application with 'debug' enabled.
2025-01-17 11:09:50 - Application run failed
java.util.InputMismatchException: null
	at java.base/java.util.Scanner.throwFor(Scanner.java:964)
	at java.base/java.util.Scanner.next(Scanner.java:1619)
	at java.base/java.util.Scanner.nextInt(Scanner.java:2284)
	at java.base/java.util.Scanner.nextInt(Scanner.java:2238)
	at com.alura.literalura.principal.Menu.mostrarMenu(Menu.java:58)
	at com.alura.literalura.LiteraluraApplication.run(LiteraluraApplication.java:35)
	at org.springframework.boot.SpringApplication.lambda$callRunner$5(SpringApplication.java:788)
	at org.springframework.util.function.ThrowingConsumer$1.acceptWithException(ThrowingConsumer.java:82)
	at org.springframework.util.function.ThrowingConsumer.accept(ThrowingConsumer.java:60)
	at org.springframework.util.function.ThrowingConsumer$1.accept(ThrowingConsumer.java:86)
	at org.springframework.boot.SpringApplication.callRunner(SpringApplication.java:796)
	at org.springframework.boot.SpringApplication.callRunner(SpringApplication.java:787)
	at org.springframework.boot.SpringApplication.lambda$callRunners$3(SpringApplication.java:772)
	at java.base/java.util.stream.ForEachOps$ForEachOp$OfRef.accept(ForEachOps.java:184)
	at java.base/java.util.stream.SortedOps$SizedRefSortingSink.end(SortedOps.java:357)
	at java.base/java.util.stream.AbstractPipeline.copyInto(AbstractPipeline.java:571)
	at java.base/java.util.stream.AbstractPipeline.wrapAndCopyInto(AbstractPipeline.java:560)
	at java.base/java.util.stream.ForEachOps$ForEachOp.evaluateSequential(ForEachOps.java:151)
	at java.base/java.util.stream.ForEachOps$ForEachOp$OfRef.evaluateSequential(ForEachOps.java:174)
	at java.base/java.util.stream.AbstractPipeline.evaluate(AbstractPipeline.java:265)
	at java.base/java.util.stream.ReferencePipeline.forEach(ReferencePipeline.java:636)
	at org.springframework.boot.SpringApplication.callRunners(SpringApplication.java:772)
	at org.springframework.boot.SpringApplication.run(SpringApplication.java:325)
	at org.springframework.boot.SpringApplication.run(SpringApplication.java:1361)
	at org.springframework.boot.SpringApplication.run(SpringApplication.java:1350)
	at com.alura.literalura.LiteraluraApplication.main(LiteraluraApplication.java:26)
	at java.base/jdk.internal.reflect.DirectMethodHandleAccessor.invoke(DirectMethodHandleAccessor.java:103)
	at java.base/java.lang.reflect.Method.invoke(Method.java:580)
	at org.springframework.boot.devtools.restart.RestartLauncher.run(RestartLauncher.java:50)
2025-01-17 11:09:50 - Closing JPA EntityManagerFactory for persistence unit 'default'
2025-01-17 11:12:35 - Starting LiteraluraApplication using Java 23.0.1 with PID 8000 (C:\Users\ASCANIO\OneDrive\Documentos\Alura\literalura\target\classes started by ASCANIO in C:\Users\ASCANIO\OneDrive\Documentos\Alura\literalura)
2025-01-17 11:12:35 - No active profile set, falling back to 1 default profile: "default"
2025-01-17 11:12:36 - Bootstrapping Spring Data JPA repositories in DEFAULT mode.
2025-01-17 11:12:36 - Finished Spring Data repository scanning in 40 ms. Found 2 JPA repository interfaces.
2025-01-17 11:12:36 - HHH000204: Processing PersistenceUnitInfo [name: default]
2025-01-17 11:12:36 - HHH000412: Hibernate ORM core version 6.6.4.Final
2025-01-17 11:12:36 - HHH000026: Second-level cache disabled
2025-01-17 11:12:36 - No LoadTimeWeaver setup: ignoring JPA class transformer
2025-01-17 11:12:36 - HHH90000025: PostgreSQLDialect does not need to be specified explicitly using 'hibernate.dialect' (remove the property setting and it will be selected by default)
2025-01-17 11:12:36 - HHH10001005: Database info:
	Database JDBC URL [Connecting through datasource 'HikariDataSource (HikariPool-1)']
	Database driver: undefined/unknown
	Database version: 17.2
	Autocommit mode: undefined/unknown
	Isolation level: undefined/unknown
	Minimum pool size: undefined/unknown
	Maximum pool size: undefined/unknown
2025-01-17 11:12:37 - HHH000489: No JTA platform available (set 'hibernate.transaction.jta.platform' to enable JTA platform integration)
2025-01-17 11:12:37 - Initialized JPA EntityManagerFactory for persistence unit 'default'
2025-01-17 11:12:38 - Hibernate is in classpath; If applicable, HQL parser will be used.
2025-01-17 11:12:38 - LiveReload server is running on port 35729
2025-01-17 11:12:38 - Started LiteraluraApplication in 3.657 seconds (process running for 4.036)
2025-01-17 11:13:04 - Closing JPA EntityManagerFactory for persistence unit 'default'
2025-01-17 11:13:09 - Starting LiteraluraApplication using Java 23.0.1 with PID 18048 (C:\Users\ASCANIO\OneDrive\Documentos\Alura\literalura\target\classes started by ASCANIO in C:\Users\ASCANIO\OneDrive\Documentos\Alura\literalura)
2025-01-17 11:13:09 - No active profile set, falling back to 1 default profile: "default"
2025-01-17 11:13:10 - Bootstrapping Spring Data JPA repositories in DEFAULT mode.
2025-01-17 11:13:10 - Finished Spring Data repository scanning in 39 ms. Found 2 JPA repository interfaces.
2025-01-17 11:13:10 - HHH000204: Processing PersistenceUnitInfo [name: default]
2025-01-17 11:13:10 - HHH000412: Hibernate ORM core version 6.6.4.Final
2025-01-17 11:13:10 - HHH000026: Second-level cache disabled
2025-01-17 11:13:11 - No LoadTimeWeaver setup: ignoring JPA class transformer
2025-01-17 11:13:11 - HHH90000025: PostgreSQLDialect does not need to be specified explicitly using 'hibernate.dialect' (remove the property setting and it will be selected by default)
2025-01-17 11:13:11 - HHH10001005: Database info:
	Database JDBC URL [Connecting through datasource 'HikariDataSource (HikariPool-1)']
	Database driver: undefined/unknown
	Database version: 17.2
	Autocommit mode: undefined/unknown
	Isolation level: undefined/unknown
	Minimum pool size: undefined/unknown
	Maximum pool size: undefined/unknown
2025-01-17 11:13:12 - HHH000489: No JTA platform available (set 'hibernate.transaction.jta.platform' to enable JTA platform integration)
2025-01-17 11:13:12 - Initialized JPA EntityManagerFactory for persistence unit 'default'
2025-01-17 11:13:12 - Hibernate is in classpath; If applicable, HQL parser will be used.
2025-01-17 11:13:13 - LiveReload server is running on port 35729
2025-01-17 11:13:13 - Started LiteraluraApplication in 3.694 seconds (process running for 4.084)
2025-01-17 11:14:33 - Closing JPA EntityManagerFactory for persistence unit 'default'
